{"D:\\SEF\\NestEstate\\NestEstate_backend\\src\\index.js":{"path":"D:\\SEF\\NestEstate\\NestEstate_backend\\src\\index.js","statementMap":{"0":{"start":{"line":3,"column":0},"end":{"line":5,"column":3}},"1":{"start":{"line":6,"column":0},"end":{"line":6,"column":28}},"2":{"start":{"line":7,"column":15},"end":{"line":7,"column":57}},"3":{"start":{"line":8,"column":18},"end":{"line":8,"column":64}},"4":{"start":{"line":9,"column":14},"end":{"line":9,"column":64}},"5":{"start":{"line":10,"column":18},"end":{"line":10,"column":72}},"6":{"start":{"line":11,"column":14},"end":{"line":11,"column":55}},"7":{"start":{"line":12,"column":12},"end":{"line":12,"column":51}},"8":{"start":{"line":13,"column":39},"end":{"line":13,"column":95}},"9":{"start":{"line":14,"column":0},"end":{"line":16,"column":3}},"10":{"start":{"line":17,"column":10},"end":{"line":17,"column":36}},"11":{"start":{"line":18,"column":0},"end":{"line":18,"column":36}},"12":{"start":{"line":19,"column":0},"end":{"line":19,"column":33}},"13":{"start":{"line":20,"column":0},"end":{"line":20,"column":26}},"14":{"start":{"line":21,"column":0},"end":{"line":21,"column":49}},"15":{"start":{"line":22,"column":0},"end":{"line":27,"column":3}},"16":{"start":{"line":23,"column":2},"end":{"line":26,"column":5}},"17":{"start":{"line":28,"column":11},"end":{"line":28,"column":34}},"18":{"start":{"line":29,"column":0},"end":{"line":29,"column":70}},"19":{"start":{"line":30,"column":15},"end":{"line":30,"column":18}},"20":{"start":{"line":31,"column":0},"end":{"line":31,"column":30}}},"fnMap":{"0":{"name":"_interopRequireDefault","decl":{"start":{"line":13,"column":9},"end":{"line":13,"column":31}},"loc":{"start":{"line":13,"column":37},"end":{"line":13,"column":97}},"line":13},"1":{"name":"(anonymous_1)","decl":{"start":{"line":22,"column":13},"end":{"line":22,"column":14}},"loc":{"start":{"line":22,"column":33},"end":{"line":27,"column":1}},"line":22}},"branchMap":{"0":{"loc":{"start":{"line":13,"column":46},"end":{"line":13,"column":94}},"type":"cond-expr","locations":[{"start":{"line":13,"column":70},"end":{"line":13,"column":73}},{"start":{"line":13,"column":76},"end":{"line":13,"column":94}}],"line":13},"1":{"loc":{"start":{"line":13,"column":46},"end":{"line":13,"column":67}},"type":"binary-expr","locations":[{"start":{"line":13,"column":46},"end":{"line":13,"column":49}},{"start":{"line":13,"column":53},"end":{"line":13,"column":67}}],"line":13}},"s":{"0":1,"1":1,"2":1,"3":1,"4":1,"5":1,"6":1,"7":1,"8":6,"9":1,"10":1,"11":1,"12":1,"13":1,"14":1,"15":1,"16":1,"17":1,"18":1,"19":1,"20":1},"f":{"0":6,"1":1},"b":{"0":[2,4],"1":[6,6]},"inputSourceMap":{"version":3,"names":["dotenv","config","path","app","express","use","json","cors","dbConnection","userRoutes","req","res","message","status","HttpStatus","OK","PORT","process","env","listen","console","log"],"sourceRoot":"D:\\SEF\\NestEstate\\NestEstate_backend\\src\\","sources":["index.js"],"sourcesContent":["import express from \"express\";\r\nimport HttpStatus from \"http-status\";\r\nimport dbConnection from \"./config/config\";\r\nimport userRoutes from \"./routes/userRouter\";\r\nimport dotenv from \"dotenv\";\r\nimport cors from \"cors\";\r\n\r\ndotenv.config({ path: \"./.env\" });\r\n\r\nconst app = express();\r\napp.use(express.json());\r\napp.use(cors());\r\n\r\ndbConnection();\r\n\r\napp.use(\"/api/v1/users\", userRoutes);\r\n\r\napp.use(\"/\", (req, res) => {\r\n  res.json({\r\n    message: \"Welcome to the Nest estate API\",\r\n    status: HttpStatus.OK,\r\n  });\r\n});\r\n\r\nconst PORT = process.env.PORT | 5000;\r\n\r\napp.listen(PORT, console.log(`Server Started on Port ${PORT}`));\r\n\r\nexport default app;\r\n"],"mappings":";;;;;;AAAA;AACA;AACA;AACA;AACA;AACA;AAAwB;AAExBA,kBAAM,CAACC,MAAM,CAAC;EAAEC,IAAI,EAAE;AAAS,CAAC,CAAC;AAEjC,IAAMC,GAAG,GAAG,IAAAC,mBAAO,GAAE;AACrBD,GAAG,CAACE,GAAG,CAACD,mBAAO,CAACE,IAAI,EAAE,CAAC;AACvBH,GAAG,CAACE,GAAG,CAAC,IAAAE,gBAAI,GAAE,CAAC;AAEf,IAAAC,kBAAY,GAAE;AAEdL,GAAG,CAACE,GAAG,CAAC,eAAe,EAAEI,sBAAU,CAAC;AAEpCN,GAAG,CAACE,GAAG,CAAC,GAAG,EAAE,UAACK,GAAG,EAAEC,GAAG,EAAK;EACzBA,GAAG,CAACL,IAAI,CAAC;IACPM,OAAO,EAAE,gCAAgC;IACzCC,MAAM,EAAEC,sBAAU,CAACC;EACrB,CAAC,CAAC;AACJ,CAAC,CAAC;AAEF,IAAMC,IAAI,GAAGC,OAAO,CAACC,GAAG,CAACF,IAAI,GAAG,IAAI;AAEpCb,GAAG,CAACgB,MAAM,CAACH,IAAI,EAAEI,OAAO,CAACC,GAAG,kCAA2BL,IAAI,EAAG,CAAC;AAAC,eAEjDb,GAAG;AAAA"},"_coverageSchema":"1a1c01bbd47fc00a2c39e90264f33305004495a9","hash":"4b1e4d61ca884d15c86c83c0d9f83a3b10857dbc","contentHash":"7c9dd4f43ed08a3181ed59d79ebb468c7c8f5c2e3e3fbc22a6f3f670b132031d"},"D:\\SEF\\NestEstate\\NestEstate_backend\\src\\config\\config.js":{"path":"D:\\SEF\\NestEstate\\NestEstate_backend\\src\\config\\config.js","statementMap":{"0":{"start":{"line":3,"column":51},"end":{"line":3,"column":334}},"1":{"start":{"line":3,"column":153},"end":{"line":3,"column":171}},"2":{"start":{"line":3,"column":193},"end":{"line":3,"column":317}},"3":{"start":{"line":4,"column":0},"end":{"line":6,"column":3}},"4":{"start":{"line":7,"column":0},"end":{"line":7,"column":28}},"5":{"start":{"line":8,"column":16},"end":{"line":8,"column":59}},"6":{"start":{"line":9,"column":14},"end":{"line":9,"column":55}},"7":{"start":{"line":10,"column":39},"end":{"line":10,"column":95}},"8":{"start":{"line":11,"column":196},"end":{"line":11,"column":269}},"9":{"start":{"line":11,"column":251},"end":{"line":11,"column":266}},"10":{"start":{"line":11,"column":284},"end":{"line":11,"column":286}},"11":{"start":{"line":11,"column":293},"end":{"line":11,"column":309}},"12":{"start":{"line":11,"column":320},"end":{"line":11,"column":337}},"13":{"start":{"line":11,"column":356},"end":{"line":11,"column":433}},"14":{"start":{"line":11,"column":409},"end":{"line":11,"column":431}},"15":{"start":{"line":11,"column":445},"end":{"line":11,"column":486}},"16":{"start":{"line":11,"column":505},"end":{"line":11,"column":537}},"17":{"start":{"line":11,"column":561},"end":{"line":11,"column":603}},"18":{"start":{"line":11,"column":625},"end":{"line":11,"column":663}},"19":{"start":{"line":11,"column":700},"end":{"line":11,"column":815}},"20":{"start":{"line":11,"column":818},"end":{"line":11,"column":929}},"21":{"start":{"line":11,"column":824},"end":{"line":11,"column":839}},"22":{"start":{"line":11,"column":856},"end":{"line":11,"column":927}},"23":{"start":{"line":11,"column":900},"end":{"line":11,"column":924}},"24":{"start":{"line":11,"column":1004},"end":{"line":11,"column":1075}},"25":{"start":{"line":11,"column":1089},"end":{"line":11,"column":1128}},"26":{"start":{"line":11,"column":1140},"end":{"line":11,"column":1170}},"27":{"start":{"line":11,"column":1172},"end":{"line":11,"column":1280}},"28":{"start":{"line":11,"column":1317},"end":{"line":11,"column":1427}},"29":{"start":{"line":11,"column":1323},"end":{"line":11,"column":1373}},"30":{"start":{"line":11,"column":1390},"end":{"line":11,"column":1425}},"31":{"start":{"line":11,"column":1430},"end":{"line":11,"column":1450}},"32":{"start":{"line":11,"column":1474},"end":{"line":11,"column":1476}},"33":{"start":{"line":11,"column":1599},"end":{"line":11,"column":1601}},"34":{"start":{"line":11,"column":1603},"end":{"line":11,"column":1675}},"35":{"start":{"line":11,"column":1659},"end":{"line":11,"column":1671}},"36":{"start":{"line":11,"column":1691},"end":{"line":11,"column":1712}},"37":{"start":{"line":11,"column":1740},"end":{"line":11,"column":1782}},"38":{"start":{"line":11,"column":1784},"end":{"line":11,"column":1947}},"39":{"start":{"line":11,"column":1957},"end":{"line":11,"column":2050}},"40":{"start":{"line":11,"column":2096},"end":{"line":11,"column":2236}},"41":{"start":{"line":11,"column":2152},"end":{"line":11,"column":2232}},"42":{"start":{"line":11,"column":2195},"end":{"line":11,"column":2228}},"43":{"start":{"line":11,"column":2349},"end":{"line":11,"column":2392}},"44":{"start":{"line":11,"column":2394},"end":{"line":11,"column":2886}},"45":{"start":{"line":11,"column":2438},"end":{"line":11,"column":2448}},"46":{"start":{"line":11,"column":2458},"end":{"line":11,"column":2470}},"47":{"start":{"line":11,"column":2472},"end":{"line":11,"column":2884}},"48":{"start":{"line":11,"column":2609},"end":{"line":11,"column":2648}},"49":{"start":{"line":11,"column":2669},"end":{"line":11,"column":2707}},"50":{"start":{"line":11,"column":2768},"end":{"line":11,"column":2810}},"51":{"start":{"line":11,"column":2833},"end":{"line":11,"column":2880}},"52":{"start":{"line":11,"column":2887},"end":{"line":11,"column":2906}},"53":{"start":{"line":11,"column":2930},"end":{"line":11,"column":3294}},"54":{"start":{"line":11,"column":3041},"end":{"line":11,"column":3134}},"55":{"start":{"line":11,"column":3093},"end":{"line":11,"column":3130}},"56":{"start":{"line":11,"column":3137},"end":{"line":11,"column":3288}},"57":{"start":{"line":11,"column":3361},"end":{"line":11,"column":3377}},"58":{"start":{"line":11,"column":3379},"end":{"line":11,"column":4499}},"59":{"start":{"line":11,"column":3411},"end":{"line":11,"column":3486}},"60":{"start":{"line":11,"column":3438},"end":{"line":11,"column":3486}},"61":{"start":{"line":11,"column":3487},"end":{"line":11,"column":3573}},"62":{"start":{"line":11,"column":3516},"end":{"line":11,"column":3550}},"63":{"start":{"line":11,"column":3540},"end":{"line":11,"column":3550}},"64":{"start":{"line":11,"column":3551},"end":{"line":11,"column":3571}},"65":{"start":{"line":11,"column":3574},"end":{"line":11,"column":4496}},"66":{"start":{"line":11,"column":3642},"end":{"line":11,"column":3658}},"67":{"start":{"line":11,"column":3660},"end":{"line":11,"column":3836}},"68":{"start":{"line":11,"column":3697},"end":{"line":11,"column":3735}},"69":{"start":{"line":11,"column":3737},"end":{"line":11,"column":3834}},"70":{"start":{"line":11,"column":3759},"end":{"line":11,"column":3809}},"71":{"start":{"line":11,"column":3800},"end":{"line":11,"column":3809}},"72":{"start":{"line":11,"column":3810},"end":{"line":11,"column":3832}},"73":{"start":{"line":11,"column":3837},"end":{"line":11,"column":4138}},"74":{"start":{"line":11,"column":3868},"end":{"line":11,"column":3911}},"75":{"start":{"line":11,"column":3916},"end":{"line":11,"column":4138}},"76":{"start":{"line":11,"column":3950},"end":{"line":11,"column":4021}},"77":{"start":{"line":11,"column":3982},"end":{"line":11,"column":4021}},"78":{"start":{"line":11,"column":4022},"end":{"line":11,"column":4061}},"79":{"start":{"line":11,"column":4069},"end":{"line":11,"column":4138}},"80":{"start":{"line":11,"column":4139},"end":{"line":11,"column":4159}},"81":{"start":{"line":11,"column":4173},"end":{"line":11,"column":4205}},"82":{"start":{"line":11,"column":4207},"end":{"line":11,"column":4392}},"83":{"start":{"line":11,"column":4239},"end":{"line":11,"column":4340}},"84":{"start":{"line":11,"column":4331},"end":{"line":11,"column":4340}},"85":{"start":{"line":11,"column":4341},"end":{"line":11,"column":4390}},"86":{"start":{"line":11,"column":4393},"end":{"line":11,"column":4494}},"87":{"start":{"line":11,"column":4569},"end":{"line":11,"column":4583}},"88":{"start":{"line":11,"column":4594},"end":{"line":11,"column":4623}},"89":{"start":{"line":11,"column":4625},"end":{"line":11,"column":5028}},"90":{"start":{"line":11,"column":4651},"end":{"line":11,"column":5028}},"91":{"start":{"line":11,"column":5042},"end":{"line":11,"column":5090}},"92":{"start":{"line":11,"column":5092},"end":{"line":11,"column":5222}},"93":{"start":{"line":11,"column":5121},"end":{"line":11,"column":5222}},"94":{"start":{"line":11,"column":5234},"end":{"line":11,"column":5244}},"95":{"start":{"line":11,"column":5246},"end":{"line":11,"column":5619}},"96":{"start":{"line":11,"column":5664},"end":{"line":11,"column":5683}},"97":{"start":{"line":11,"column":5685},"end":{"line":11,"column":5823}},"98":{"start":{"line":11,"column":5871},"end":{"line":11,"column":5893}},"99":{"start":{"line":11,"column":5895},"end":{"line":11,"column":5964}},"100":{"start":{"line":11,"column":5999},"end":{"line":11,"column":6095}},"101":{"start":{"line":11,"column":6126},"end":{"line":11,"column":6572}},"102":{"start":{"line":11,"column":6163},"end":{"line":11,"column":6187}},"103":{"start":{"line":11,"column":6189},"end":{"line":11,"column":6246}},"104":{"start":{"line":11,"column":6209},"end":{"line":11,"column":6246}},"105":{"start":{"line":11,"column":6247},"end":{"line":11,"column":6303}},"106":{"start":{"line":11,"column":6287},"end":{"line":11,"column":6303}},"107":{"start":{"line":11,"column":6304},"end":{"line":11,"column":6570}},"108":{"start":{"line":11,"column":6343},"end":{"line":11,"column":6345}},"109":{"start":{"line":11,"column":6354},"end":{"line":11,"column":6542}},"110":{"start":{"line":11,"column":6372},"end":{"line":11,"column":6487}},"111":{"start":{"line":11,"column":6403},"end":{"line":11,"column":6487}},"112":{"start":{"line":11,"column":6433},"end":{"line":11,"column":6487}},"113":{"start":{"line":11,"column":6488},"end":{"line":11,"column":6540}},"114":{"start":{"line":11,"column":6544},"end":{"line":11,"column":6568}},"115":{"start":{"line":11,"column":6573},"end":{"line":11,"column":6601}},"116":{"start":{"line":11,"column":6628},"end":{"line":11,"column":6666}},"117":{"start":{"line":11,"column":6669},"end":{"line":11,"column":12094}},"118":{"start":{"line":11,"column":7102},"end":{"line":11,"column":7151}},"119":{"start":{"line":11,"column":7153},"end":{"line":11,"column":7258}},"120":{"start":{"line":11,"column":7297},"end":{"line":11,"column":7538}},"121":{"start":{"line":11,"column":7575},"end":{"line":11,"column":7599}},"122":{"start":{"line":11,"column":7718},"end":{"line":11,"column":7730}},"123":{"start":{"line":11,"column":7852},"end":{"line":11,"column":7902}},"124":{"start":{"line":11,"column":7914},"end":{"line":11,"column":7987}},"125":{"start":{"line":11,"column":7989},"end":{"line":11,"column":8131}},"126":{"start":{"line":11,"column":8079},"end":{"line":11,"column":8127}},"127":{"start":{"line":11,"column":8247},"end":{"line":11,"column":8259}},"128":{"start":{"line":11,"column":8301},"end":{"line":11,"column":8329}},"129":{"start":{"line":11,"column":8379},"end":{"line":11,"column":8390}},"130":{"start":{"line":11,"column":8399},"end":{"line":11,"column":8401}},"131":{"start":{"line":11,"column":8403},"end":{"line":11,"column":8442}},"132":{"start":{"line":11,"column":8427},"end":{"line":11,"column":8442}},"133":{"start":{"line":11,"column":8443},"end":{"line":11,"column":8628}},"134":{"start":{"line":11,"column":8484},"end":{"line":11,"column":8596}},"135":{"start":{"line":11,"column":8517},"end":{"line":11,"column":8527}},"136":{"start":{"line":11,"column":8529},"end":{"line":11,"column":8594}},"137":{"start":{"line":11,"column":8548},"end":{"line":11,"column":8594}},"138":{"start":{"line":11,"column":8597},"end":{"line":11,"column":8625}},"139":{"start":{"line":11,"column":8740},"end":{"line":11,"column":9075}},"140":{"start":{"line":11,"column":8948},"end":{"line":11,"column":9075}},"141":{"start":{"line":11,"column":8971},"end":{"line":11,"column":9075}},"142":{"start":{"line":11,"column":9103},"end":{"line":11,"column":9118}},"143":{"start":{"line":11,"column":9136},"end":{"line":11,"column":9165}},"144":{"start":{"line":11,"column":9167},"end":{"line":11,"column":9221}},"145":{"start":{"line":11,"column":9200},"end":{"line":11,"column":9221}},"146":{"start":{"line":11,"column":9222},"end":{"line":11,"column":9239}},"147":{"start":{"line":11,"column":9302},"end":{"line":11,"column":9333}},"148":{"start":{"line":11,"column":9317},"end":{"line":11,"column":9333}},"149":{"start":{"line":11,"column":9348},"end":{"line":11,"column":9352}},"150":{"start":{"line":11,"column":9385},"end":{"line":11,"column":9530}},"151":{"start":{"line":11,"column":9533},"end":{"line":11,"column":10237}},"152":{"start":{"line":11,"column":9546},"end":{"line":11,"column":9572}},"153":{"start":{"line":11,"column":9601},"end":{"line":11,"column":9619}},"154":{"start":{"line":11,"column":9630},"end":{"line":11,"column":9646}},"155":{"start":{"line":11,"column":9648},"end":{"line":11,"column":9698}},"156":{"start":{"line":11,"column":9677},"end":{"line":11,"column":9698}},"157":{"start":{"line":11,"column":9699},"end":{"line":11,"column":10235}},"158":{"start":{"line":11,"column":9747},"end":{"line":11,"column":9777}},"159":{"start":{"line":11,"column":9792},"end":{"line":11,"column":9824}},"160":{"start":{"line":11,"column":9826},"end":{"line":11,"column":10233}},"161":{"start":{"line":11,"column":9856},"end":{"line":11,"column":9922}},"162":{"start":{"line":11,"column":9888},"end":{"line":11,"column":9922}},"163":{"start":{"line":11,"column":9923},"end":{"line":11,"column":9989}},"164":{"start":{"line":11,"column":9957},"end":{"line":11,"column":9989}},"165":{"start":{"line":11,"column":9997},"end":{"line":11,"column":10233}},"166":{"start":{"line":11,"column":10013},"end":{"line":11,"column":10079}},"167":{"start":{"line":11,"column":10045},"end":{"line":11,"column":10079}},"168":{"start":{"line":11,"column":10089},"end":{"line":11,"column":10164}},"169":{"start":{"line":11,"column":10106},"end":{"line":11,"column":10164}},"170":{"start":{"line":11,"column":10165},"end":{"line":11,"column":10231}},"171":{"start":{"line":11,"column":10199},"end":{"line":11,"column":10231}},"172":{"start":{"line":11,"column":10278},"end":{"line":11,"column":10503}},"173":{"start":{"line":11,"column":10291},"end":{"line":11,"column":10317}},"174":{"start":{"line":11,"column":10346},"end":{"line":11,"column":10364}},"175":{"start":{"line":11,"column":10366},"end":{"line":11,"column":10501}},"176":{"start":{"line":11,"column":10486},"end":{"line":11,"column":10491}},"177":{"start":{"line":11,"column":10493},"end":{"line":11,"column":10499}},"178":{"start":{"line":11,"column":10504},"end":{"line":11,"column":10651}},"179":{"start":{"line":11,"column":10665},"end":{"line":11,"column":10708}},"180":{"start":{"line":11,"column":10710},"end":{"line":11,"column":10872}},"181":{"start":{"line":11,"column":10924},"end":{"line":11,"column":10970}},"182":{"start":{"line":11,"column":10953},"end":{"line":11,"column":10970}},"183":{"start":{"line":11,"column":10971},"end":{"line":11,"column":11248}},"184":{"start":{"line":11,"column":11290},"end":{"line":11,"column":11512}},"185":{"start":{"line":11,"column":11303},"end":{"line":11,"column":11329}},"186":{"start":{"line":11,"column":11358},"end":{"line":11,"column":11376}},"187":{"start":{"line":11,"column":11378},"end":{"line":11,"column":11510}},"188":{"start":{"line":11,"column":11415},"end":{"line":11,"column":11510}},"189":{"start":{"line":11,"column":11551},"end":{"line":11,"column":11799}},"190":{"start":{"line":11,"column":11564},"end":{"line":11,"column":11590}},"191":{"start":{"line":11,"column":11619},"end":{"line":11,"column":11637}},"192":{"start":{"line":11,"column":11639},"end":{"line":11,"column":11797}},"193":{"start":{"line":11,"column":11683},"end":{"line":11,"column":11699}},"194":{"start":{"line":11,"column":11701},"end":{"line":11,"column":11780}},"195":{"start":{"line":11,"column":11745},"end":{"line":11,"column":11755}},"196":{"start":{"line":11,"column":11757},"end":{"line":11,"column":11778}},"197":{"start":{"line":11,"column":11781},"end":{"line":11,"column":11795}},"198":{"start":{"line":11,"column":11800},"end":{"line":11,"column":11841}},"199":{"start":{"line":11,"column":11916},"end":{"line":11,"column":12080}},"200":{"start":{"line":12,"column":77},"end":{"line":12,"column":175}},"201":{"start":{"line":12,"column":94},"end":{"line":12,"column":107}},"202":{"start":{"line":12,"column":121},"end":{"line":12,"column":131}},"203":{"start":{"line":12,"column":151},"end":{"line":12,"column":165}},"204":{"start":{"line":12,"column":166},"end":{"line":12,"column":173}},"205":{"start":{"line":12,"column":176},"end":{"line":12,"column":263}},"206":{"start":{"line":12,"column":193},"end":{"line":12,"column":208}},"207":{"start":{"line":12,"column":218},"end":{"line":12,"column":261}},"208":{"start":{"line":13,"column":33},"end":{"line":13,"column":387}},"209":{"start":{"line":13,"column":65},"end":{"line":13,"column":69}},"210":{"start":{"line":13,"column":78},"end":{"line":13,"column":87}},"211":{"start":{"line":13,"column":89},"end":{"line":13,"column":384}},"212":{"start":{"line":13,"column":147},"end":{"line":13,"column":167}},"213":{"start":{"line":13,"column":193},"end":{"line":13,"column":264}},"214":{"start":{"line":13,"column":290},"end":{"line":13,"column":360}},"215":{"start":{"line":13,"column":363},"end":{"line":13,"column":380}},"216":{"start":{"line":14,"column":0},"end":{"line":14,"column":28}},"217":{"start":{"line":21,"column":29},"end":{"line":52,"column":3}},"218":{"start":{"line":22,"column":13},"end":{"line":48,"column":5}},"219":{"start":{"line":24,"column":4},"end":{"line":47,"column":32}},"220":{"start":{"line":25,"column":6},"end":{"line":46,"column":7}},"221":{"start":{"line":25,"column":16},"end":{"line":46,"column":7}},"222":{"start":{"line":27,"column":10},"end":{"line":27,"column":28}},"223":{"start":{"line":28,"column":10},"end":{"line":28,"column":28}},"224":{"start":{"line":29,"column":10},"end":{"line":32,"column":13}},"225":{"start":{"line":34,"column":10},"end":{"line":34,"column":31}},"226":{"start":{"line":35,"column":10},"end":{"line":35,"column":73}},"227":{"start":{"line":36,"column":10},"end":{"line":36,"column":29}},"228":{"start":{"line":37,"column":10},"end":{"line":37,"column":16}},"229":{"start":{"line":39,"column":10},"end":{"line":39,"column":28}},"230":{"start":{"line":40,"column":10},"end":{"line":40,"column":45}},"231":{"start":{"line":41,"column":10},"end":{"line":41,"column":60}},"232":{"start":{"line":42,"column":10},"end":{"line":42,"column":25}},"233":{"start":{"line":45,"column":10},"end":{"line":45,"column":33}},"234":{"start":{"line":49,"column":2},"end":{"line":51,"column":4}},"235":{"start":{"line":50,"column":4},"end":{"line":50,"column":39}},"236":{"start":{"line":53,"column":15},"end":{"line":53,"column":24}},"237":{"start":{"line":54,"column":0},"end":{"line":54,"column":30}}},"fnMap":{"0":{"name":"_typeof","decl":{"start":{"line":3,"column":9},"end":{"line":3,"column":16}},"loc":{"start":{"line":3,"column":22},"end":{"line":3,"column":336}},"line":3},"1":{"name":"(anonymous_1)","decl":{"start":{"line":3,"column":136},"end":{"line":3,"column":137}},"loc":{"start":{"line":3,"column":151},"end":{"line":3,"column":173}},"line":3},"2":{"name":"(anonymous_2)","decl":{"start":{"line":3,"column":176},"end":{"line":3,"column":177}},"loc":{"start":{"line":3,"column":191},"end":{"line":3,"column":319}},"line":3},"3":{"name":"_interopRequireDefault","decl":{"start":{"line":10,"column":9},"end":{"line":10,"column":31}},"loc":{"start":{"line":10,"column":37},"end":{"line":10,"column":97}},"line":10},"4":{"name":"_regeneratorRuntime","decl":{"start":{"line":11,"column":9},"end":{"line":11,"column":28}},"loc":{"start":{"line":11,"column":31},"end":{"line":11,"column":12096}},"line":11},"5":{"name":"_regeneratorRuntime","decl":{"start":{"line":11,"column":227},"end":{"line":11,"column":246}},"loc":{"start":{"line":11,"column":249},"end":{"line":11,"column":268}},"line":11},"6":{"name":"(anonymous_6)","decl":{"start":{"line":11,"column":381},"end":{"line":11,"column":382}},"loc":{"start":{"line":11,"column":407},"end":{"line":11,"column":433}},"line":11},"7":{"name":"define","decl":{"start":{"line":11,"column":674},"end":{"line":11,"column":680}},"loc":{"start":{"line":11,"column":698},"end":{"line":11,"column":817}},"line":11},"8":{"name":"define","decl":{"start":{"line":11,"column":874},"end":{"line":11,"column":880}},"loc":{"start":{"line":11,"column":898},"end":{"line":11,"column":926}},"line":11},"9":{"name":"wrap","decl":{"start":{"line":11,"column":939},"end":{"line":11,"column":943}},"loc":{"start":{"line":11,"column":981},"end":{"line":11,"column":1282}},"line":11},"10":{"name":"tryCatch","decl":{"start":{"line":11,"column":1292},"end":{"line":11,"column":1300}},"loc":{"start":{"line":11,"column":1315},"end":{"line":11,"column":1429}},"line":11},"11":{"name":"Generator","decl":{"start":{"line":11,"column":1487},"end":{"line":11,"column":1496}},"loc":{"start":{"line":11,"column":1499},"end":{"line":11,"column":1501}},"line":11},"12":{"name":"GeneratorFunction","decl":{"start":{"line":11,"column":1511},"end":{"line":11,"column":1528}},"loc":{"start":{"line":11,"column":1531},"end":{"line":11,"column":1533}},"line":11},"13":{"name":"GeneratorFunctionPrototype","decl":{"start":{"line":11,"column":1543},"end":{"line":11,"column":1569}},"loc":{"start":{"line":11,"column":1572},"end":{"line":11,"column":1574}},"line":11},"14":{"name":"(anonymous_14)","decl":{"start":{"line":11,"column":1645},"end":{"line":11,"column":1646}},"loc":{"start":{"line":11,"column":1657},"end":{"line":11,"column":1673}},"line":11},"15":{"name":"defineIteratorMethods","decl":{"start":{"line":11,"column":2061},"end":{"line":11,"column":2082}},"loc":{"start":{"line":11,"column":2094},"end":{"line":11,"column":2238}},"line":11},"16":{"name":"(anonymous_16)","decl":{"start":{"line":11,"column":2132},"end":{"line":11,"column":2133}},"loc":{"start":{"line":11,"column":2150},"end":{"line":11,"column":2234}},"line":11},"17":{"name":"(anonymous_17)","decl":{"start":{"line":11,"column":2178},"end":{"line":11,"column":2179}},"loc":{"start":{"line":11,"column":2193},"end":{"line":11,"column":2230}},"line":11},"18":{"name":"AsyncIterator","decl":{"start":{"line":11,"column":2248},"end":{"line":11,"column":2261}},"loc":{"start":{"line":11,"column":2286},"end":{"line":11,"column":3296}},"line":11},"19":{"name":"invoke","decl":{"start":{"line":11,"column":2297},"end":{"line":11,"column":2303}},"loc":{"start":{"line":11,"column":2334},"end":{"line":11,"column":2908}},"line":11},"20":{"name":"(anonymous_20)","decl":{"start":{"line":11,"column":2590},"end":{"line":11,"column":2591}},"loc":{"start":{"line":11,"column":2607},"end":{"line":11,"column":2650}},"line":11},"21":{"name":"(anonymous_21)","decl":{"start":{"line":11,"column":2652},"end":{"line":11,"column":2653}},"loc":{"start":{"line":11,"column":2667},"end":{"line":11,"column":2709}},"line":11},"22":{"name":"(anonymous_22)","decl":{"start":{"line":11,"column":2745},"end":{"line":11,"column":2746}},"loc":{"start":{"line":11,"column":2766},"end":{"line":11,"column":2812}},"line":11},"23":{"name":"(anonymous_23)","decl":{"start":{"line":11,"column":2814},"end":{"line":11,"column":2815}},"loc":{"start":{"line":11,"column":2831},"end":{"line":11,"column":2882}},"line":11},"24":{"name":"value","decl":{"start":{"line":11,"column":2980},"end":{"line":11,"column":2985}},"loc":{"start":{"line":11,"column":2999},"end":{"line":11,"column":3290}},"line":11},"25":{"name":"callInvokeWithMethodAndArg","decl":{"start":{"line":11,"column":3010},"end":{"line":11,"column":3036}},"loc":{"start":{"line":11,"column":3039},"end":{"line":11,"column":3136}},"line":11},"26":{"name":"(anonymous_26)","decl":{"start":{"line":11,"column":3064},"end":{"line":11,"column":3065}},"loc":{"start":{"line":11,"column":3091},"end":{"line":11,"column":3132}},"line":11},"27":{"name":"makeInvokeMethod","decl":{"start":{"line":11,"column":3306},"end":{"line":11,"column":3322}},"loc":{"start":{"line":11,"column":3347},"end":{"line":11,"column":4501}},"line":11},"28":{"name":"(anonymous_28)","decl":{"start":{"line":11,"column":3386},"end":{"line":11,"column":3387}},"loc":{"start":{"line":11,"column":3409},"end":{"line":11,"column":4498}},"line":11},"29":{"name":"maybeInvokeDelegate","decl":{"start":{"line":11,"column":4511},"end":{"line":11,"column":4530}},"loc":{"start":{"line":11,"column":4550},"end":{"line":11,"column":5621}},"line":11},"30":{"name":"pushTryEntry","decl":{"start":{"line":11,"column":5631},"end":{"line":11,"column":5643}},"loc":{"start":{"line":11,"column":5650},"end":{"line":11,"column":5825}},"line":11},"31":{"name":"resetTryEntry","decl":{"start":{"line":11,"column":5835},"end":{"line":11,"column":5848}},"loc":{"start":{"line":11,"column":5856},"end":{"line":11,"column":5966}},"line":11},"32":{"name":"Context","decl":{"start":{"line":11,"column":5976},"end":{"line":11,"column":5983}},"loc":{"start":{"line":11,"column":5997},"end":{"line":11,"column":6097}},"line":11},"33":{"name":"values","decl":{"start":{"line":11,"column":6107},"end":{"line":11,"column":6113}},"loc":{"start":{"line":11,"column":6124},"end":{"line":11,"column":6603}},"line":11},"34":{"name":"next","decl":{"start":{"line":11,"column":6363},"end":{"line":11,"column":6367}},"loc":{"start":{"line":11,"column":6370},"end":{"line":11,"column":6542}},"line":11},"35":{"name":"doneResult","decl":{"start":{"line":11,"column":6613},"end":{"line":11,"column":6623}},"loc":{"start":{"line":11,"column":6626},"end":{"line":11,"column":6668}},"line":11},"36":{"name":"(anonymous_36)","decl":{"start":{"line":11,"column":7071},"end":{"line":11,"column":7072}},"loc":{"start":{"line":11,"column":7089},"end":{"line":11,"column":7260}},"line":11},"37":{"name":"(anonymous_37)","decl":{"start":{"line":11,"column":7277},"end":{"line":11,"column":7278}},"loc":{"start":{"line":11,"column":7295},"end":{"line":11,"column":7540}},"line":11},"38":{"name":"(anonymous_38)","decl":{"start":{"line":11,"column":7558},"end":{"line":11,"column":7559}},"loc":{"start":{"line":11,"column":7573},"end":{"line":11,"column":7601}},"line":11},"39":{"name":"(anonymous_39)","decl":{"start":{"line":11,"column":7704},"end":{"line":11,"column":7705}},"loc":{"start":{"line":11,"column":7716},"end":{"line":11,"column":7732}},"line":11},"40":{"name":"(anonymous_40)","decl":{"start":{"line":11,"column":7790},"end":{"line":11,"column":7791}},"loc":{"start":{"line":11,"column":7850},"end":{"line":11,"column":8133}},"line":11},"41":{"name":"(anonymous_41)","decl":{"start":{"line":11,"column":8059},"end":{"line":11,"column":8060}},"loc":{"start":{"line":11,"column":8077},"end":{"line":11,"column":8129}},"line":11},"42":{"name":"(anonymous_42)","decl":{"start":{"line":11,"column":8233},"end":{"line":11,"column":8234}},"loc":{"start":{"line":11,"column":8245},"end":{"line":11,"column":8261}},"line":11},"43":{"name":"(anonymous_43)","decl":{"start":{"line":11,"column":8287},"end":{"line":11,"column":8288}},"loc":{"start":{"line":11,"column":8299},"end":{"line":11,"column":8331}},"line":11},"44":{"name":"(anonymous_44)","decl":{"start":{"line":11,"column":8349},"end":{"line":11,"column":8350}},"loc":{"start":{"line":11,"column":8364},"end":{"line":11,"column":8630}},"line":11},"45":{"name":"next","decl":{"start":{"line":11,"column":8475},"end":{"line":11,"column":8479}},"loc":{"start":{"line":11,"column":8482},"end":{"line":11,"column":8627}},"line":11},"46":{"name":"reset","decl":{"start":{"line":11,"column":8717},"end":{"line":11,"column":8722}},"loc":{"start":{"line":11,"column":8738},"end":{"line":11,"column":9077}},"line":11},"47":{"name":"stop","decl":{"start":{"line":11,"column":9094},"end":{"line":11,"column":9098}},"loc":{"start":{"line":11,"column":9101},"end":{"line":11,"column":9241}},"line":11},"48":{"name":"dispatchException","decl":{"start":{"line":11,"column":9271},"end":{"line":11,"column":9288}},"loc":{"start":{"line":11,"column":9300},"end":{"line":11,"column":10239}},"line":11},"49":{"name":"handle","decl":{"start":{"line":11,"column":9363},"end":{"line":11,"column":9369}},"loc":{"start":{"line":11,"column":9383},"end":{"line":11,"column":9532}},"line":11},"50":{"name":"abrupt","decl":{"start":{"line":11,"column":10258},"end":{"line":11,"column":10264}},"loc":{"start":{"line":11,"column":10276},"end":{"line":11,"column":10874}},"line":11},"51":{"name":"complete","decl":{"start":{"line":11,"column":10895},"end":{"line":11,"column":10903}},"loc":{"start":{"line":11,"column":10922},"end":{"line":11,"column":11250}},"line":11},"52":{"name":"finish","decl":{"start":{"line":11,"column":11269},"end":{"line":11,"column":11275}},"loc":{"start":{"line":11,"column":11288},"end":{"line":11,"column":11514}},"line":11},"53":{"name":"_catch","decl":{"start":{"line":11,"column":11534},"end":{"line":11,"column":11540}},"loc":{"start":{"line":11,"column":11549},"end":{"line":11,"column":11843}},"line":11},"54":{"name":"delegateYield","decl":{"start":{"line":11,"column":11869},"end":{"line":11,"column":11882}},"loc":{"start":{"line":11,"column":11914},"end":{"line":11,"column":12082}},"line":11},"55":{"name":"asyncGeneratorStep","decl":{"start":{"line":12,"column":9},"end":{"line":12,"column":27}},"loc":{"start":{"line":12,"column":75},"end":{"line":12,"column":265}},"line":12},"56":{"name":"_asyncToGenerator","decl":{"start":{"line":13,"column":9},"end":{"line":13,"column":26}},"loc":{"start":{"line":13,"column":31},"end":{"line":13,"column":389}},"line":13},"57":{"name":"(anonymous_57)","decl":{"start":{"line":13,"column":40},"end":{"line":13,"column":41}},"loc":{"start":{"line":13,"column":52},"end":{"line":13,"column":386}},"line":13},"58":{"name":"(anonymous_58)","decl":{"start":{"line":13,"column":108},"end":{"line":13,"column":109}},"loc":{"start":{"line":13,"column":135},"end":{"line":13,"column":382}},"line":13},"59":{"name":"_next","decl":{"start":{"line":13,"column":178},"end":{"line":13,"column":183}},"loc":{"start":{"line":13,"column":191},"end":{"line":13,"column":266}},"line":13},"60":{"name":"_throw","decl":{"start":{"line":13,"column":276},"end":{"line":13,"column":282}},"loc":{"start":{"line":13,"column":288},"end":{"line":13,"column":362}},"line":13},"61":{"name":"(anonymous_61)","decl":{"start":{"line":21,"column":29},"end":{"line":21,"column":30}},"loc":{"start":{"line":21,"column":41},"end":{"line":52,"column":1}},"line":21},"62":{"name":"_callee","decl":{"start":{"line":22,"column":81},"end":{"line":22,"column":88}},"loc":{"start":{"line":22,"column":91},"end":{"line":48,"column":3}},"line":22},"63":{"name":"_callee$","decl":{"start":{"line":24,"column":47},"end":{"line":24,"column":55}},"loc":{"start":{"line":24,"column":66},"end":{"line":47,"column":5}},"line":24},"64":{"name":"connectDb","decl":{"start":{"line":49,"column":18},"end":{"line":49,"column":27}},"loc":{"start":{"line":49,"column":30},"end":{"line":51,"column":3}},"line":49}},"branchMap":{"0":{"loc":{"start":{"line":3,"column":68},"end":{"line":3,"column":319}},"type":"cond-expr","locations":[{"start":{"line":3,"column":136},"end":{"line":3,"column":173}},{"start":{"line":3,"column":176},"end":{"line":3,"column":319}}],"line":3},"1":{"loc":{"start":{"line":3,"column":68},"end":{"line":3,"column":133}},"type":"binary-expr","locations":[{"start":{"line":3,"column":68},"end":{"line":3,"column":95}},{"start":{"line":3,"column":99},"end":{"line":3,"column":133}}],"line":3},"2":{"loc":{"start":{"line":3,"column":200},"end":{"line":3,"column":316}},"type":"cond-expr","locations":[{"start":{"line":3,"column":295},"end":{"line":3,"column":303}},{"start":{"line":3,"column":306},"end":{"line":3,"column":316}}],"line":3},"3":{"loc":{"start":{"line":3,"column":200},"end":{"line":3,"column":292}},"type":"binary-expr","locations":[{"start":{"line":3,"column":200},"end":{"line":3,"column":203}},{"start":{"line":3,"column":207},"end":{"line":3,"column":234}},{"start":{"line":3,"column":238},"end":{"line":3,"column":264}},{"start":{"line":3,"column":268},"end":{"line":3,"column":292}}],"line":3},"4":{"loc":{"start":{"line":10,"column":46},"end":{"line":10,"column":94}},"type":"cond-expr","locations":[{"start":{"line":10,"column":70},"end":{"line":10,"column":73}},{"start":{"line":10,"column":76},"end":{"line":10,"column":94}}],"line":10},"5":{"loc":{"start":{"line":10,"column":46},"end":{"line":10,"column":67}},"type":"binary-expr","locations":[{"start":{"line":10,"column":46},"end":{"line":10,"column":49}},{"start":{"line":10,"column":53},"end":{"line":10,"column":67}}],"line":10},"6":{"loc":{"start":{"line":11,"column":356},"end":{"line":11,"column":433}},"type":"binary-expr","locations":[{"start":{"line":11,"column":356},"end":{"line":11,"column":377}},{"start":{"line":11,"column":381},"end":{"line":11,"column":433}}],"line":11},"7":{"loc":{"start":{"line":11,"column":445},"end":{"line":11,"column":486}},"type":"cond-expr","locations":[{"start":{"line":11,"column":475},"end":{"line":11,"column":481}},{"start":{"line":11,"column":484},"end":{"line":11,"column":486}}],"line":11},"8":{"loc":{"start":{"line":11,"column":505},"end":{"line":11,"column":537}},"type":"binary-expr","locations":[{"start":{"line":11,"column":505},"end":{"line":11,"column":521}},{"start":{"line":11,"column":525},"end":{"line":11,"column":537}}],"line":11},"9":{"loc":{"start":{"line":11,"column":561},"end":{"line":11,"column":603}},"type":"binary-expr","locations":[{"start":{"line":11,"column":561},"end":{"line":11,"column":582}},{"start":{"line":11,"column":586},"end":{"line":11,"column":603}}],"line":11},"10":{"loc":{"start":{"line":11,"column":625},"end":{"line":11,"column":663}},"type":"binary-expr","locations":[{"start":{"line":11,"column":625},"end":{"line":11,"column":644}},{"start":{"line":11,"column":648},"end":{"line":11,"column":663}}],"line":11},"11":{"loc":{"start":{"line":11,"column":1004},"end":{"line":11,"column":1075}},"type":"cond-expr","locations":[{"start":{"line":11,"column":1056},"end":{"line":11,"column":1063}},{"start":{"line":11,"column":1066},"end":{"line":11,"column":1075}}],"line":11},"12":{"loc":{"start":{"line":11,"column":1004},"end":{"line":11,"column":1053}},"type":"binary-expr","locations":[{"start":{"line":11,"column":1004},"end":{"line":11,"column":1011}},{"start":{"line":11,"column":1015},"end":{"line":11,"column":1053}}],"line":11},"13":{"loc":{"start":{"line":11,"column":1152},"end":{"line":11,"column":1169}},"type":"binary-expr","locations":[{"start":{"line":11,"column":1152},"end":{"line":11,"column":1163}},{"start":{"line":11,"column":1167},"end":{"line":11,"column":1169}}],"line":11},"14":{"loc":{"start":{"line":11,"column":1740},"end":{"line":11,"column":1782}},"type":"binary-expr","locations":[{"start":{"line":11,"column":1740},"end":{"line":11,"column":1748}},{"start":{"line":11,"column":1752},"end":{"line":11,"column":1782}}],"line":11},"15":{"loc":{"start":{"line":11,"column":1784},"end":{"line":11,"column":1946}},"type":"binary-expr","locations":[{"start":{"line":11,"column":1784},"end":{"line":11,"column":1807}},{"start":{"line":11,"column":1811},"end":{"line":11,"column":1841}},{"start":{"line":11,"column":1845},"end":{"line":11,"column":1897}},{"start":{"line":11,"column":1902},"end":{"line":11,"column":1945}}],"line":11},"16":{"loc":{"start":{"line":11,"column":2394},"end":{"line":11,"column":2886}},"type":"if","locations":[{"start":{"line":11,"column":2394},"end":{"line":11,"column":2886}},{"start":{"line":11,"column":2394},"end":{"line":11,"column":2886}}],"line":11},"17":{"loc":{"start":{"line":11,"column":2479},"end":{"line":11,"column":2883}},"type":"cond-expr","locations":[{"start":{"line":11,"column":2550},"end":{"line":11,"column":2710}},{"start":{"line":11,"column":2713},"end":{"line":11,"column":2883}}],"line":11},"18":{"loc":{"start":{"line":11,"column":2479},"end":{"line":11,"column":2547}},"type":"binary-expr","locations":[{"start":{"line":11,"column":2479},"end":{"line":11,"column":2484}},{"start":{"line":11,"column":2488},"end":{"line":11,"column":2514}},{"start":{"line":11,"column":2518},"end":{"line":11,"column":2547}}],"line":11},"19":{"loc":{"start":{"line":11,"column":3162},"end":{"line":11,"column":3287}},"type":"cond-expr","locations":[{"start":{"line":11,"column":3180},"end":{"line":11,"column":3256}},{"start":{"line":11,"column":3259},"end":{"line":11,"column":3287}}],"line":11},"20":{"loc":{"start":{"line":11,"column":3411},"end":{"line":11,"column":3486}},"type":"if","locations":[{"start":{"line":11,"column":3411},"end":{"line":11,"column":3486}},{"start":{"line":11,"column":3411},"end":{"line":11,"column":3486}}],"line":11},"21":{"loc":{"start":{"line":11,"column":3487},"end":{"line":11,"column":3573}},"type":"if","locations":[{"start":{"line":11,"column":3487},"end":{"line":11,"column":3573}},{"start":{"line":11,"column":3487},"end":{"line":11,"column":3573}}],"line":11},"22":{"loc":{"start":{"line":11,"column":3516},"end":{"line":11,"column":3550}},"type":"if","locations":[{"start":{"line":11,"column":3516},"end":{"line":11,"column":3550}},{"start":{"line":11,"column":3516},"end":{"line":11,"column":3550}}],"line":11},"23":{"loc":{"start":{"line":11,"column":3660},"end":{"line":11,"column":3836}},"type":"if","locations":[{"start":{"line":11,"column":3660},"end":{"line":11,"column":3836}},{"start":{"line":11,"column":3660},"end":{"line":11,"column":3836}}],"line":11},"24":{"loc":{"start":{"line":11,"column":3737},"end":{"line":11,"column":3834}},"type":"if","locations":[{"start":{"line":11,"column":3737},"end":{"line":11,"column":3834}},{"start":{"line":11,"column":3737},"end":{"line":11,"column":3834}}],"line":11},"25":{"loc":{"start":{"line":11,"column":3759},"end":{"line":11,"column":3809}},"type":"if","locations":[{"start":{"line":11,"column":3759},"end":{"line":11,"column":3809}},{"start":{"line":11,"column":3759},"end":{"line":11,"column":3809}}],"line":11},"26":{"loc":{"start":{"line":11,"column":3837},"end":{"line":11,"column":4138}},"type":"if","locations":[{"start":{"line":11,"column":3837},"end":{"line":11,"column":4138}},{"start":{"line":11,"column":3837},"end":{"line":11,"column":4138}}],"line":11},"27":{"loc":{"start":{"line":11,"column":3916},"end":{"line":11,"column":4138}},"type":"if","locations":[{"start":{"line":11,"column":3916},"end":{"line":11,"column":4138}},{"start":{"line":11,"column":3916},"end":{"line":11,"column":4138}}],"line":11},"28":{"loc":{"start":{"line":11,"column":3950},"end":{"line":11,"column":4021}},"type":"if","locations":[{"start":{"line":11,"column":3950},"end":{"line":11,"column":4021}},{"start":{"line":11,"column":3950},"end":{"line":11,"column":4021}}],"line":11},"29":{"loc":{"start":{"line":11,"column":4069},"end":{"line":11,"column":4137}},"type":"binary-expr","locations":[{"start":{"line":11,"column":4069},"end":{"line":11,"column":4096}},{"start":{"line":11,"column":4100},"end":{"line":11,"column":4137}}],"line":11},"30":{"loc":{"start":{"line":11,"column":4207},"end":{"line":11,"column":4392}},"type":"if","locations":[{"start":{"line":11,"column":4207},"end":{"line":11,"column":4392}},{"start":{"line":11,"column":4207},"end":{"line":11,"column":4392}}],"line":11},"31":{"loc":{"start":{"line":11,"column":4239},"end":{"line":11,"column":4340}},"type":"if","locations":[{"start":{"line":11,"column":4239},"end":{"line":11,"column":4340}},{"start":{"line":11,"column":4239},"end":{"line":11,"column":4340}}],"line":11},"32":{"loc":{"start":{"line":11,"column":4251},"end":{"line":11,"column":4296}},"type":"cond-expr","locations":[{"start":{"line":11,"column":4266},"end":{"line":11,"column":4277}},{"start":{"line":11,"column":4280},"end":{"line":11,"column":4296}}],"line":11},"33":{"loc":{"start":{"line":11,"column":4393},"end":{"line":11,"column":4493}},"type":"binary-expr","locations":[{"start":{"line":11,"column":4393},"end":{"line":11,"column":4416}},{"start":{"line":11,"column":4421},"end":{"line":11,"column":4492}}],"line":11},"34":{"loc":{"start":{"line":11,"column":4625},"end":{"line":11,"column":5028}},"type":"if","locations":[{"start":{"line":11,"column":4625},"end":{"line":11,"column":5028}},{"start":{"line":11,"column":4625},"end":{"line":11,"column":5028}}],"line":11},"35":{"loc":{"start":{"line":11,"column":4683},"end":{"line":11,"column":5009}},"type":"binary-expr","locations":[{"start":{"line":11,"column":4683},"end":{"line":11,"column":4705}},{"start":{"line":11,"column":4709},"end":{"line":11,"column":4736}},{"start":{"line":11,"column":4741},"end":{"line":11,"column":4859}},{"start":{"line":11,"column":4864},"end":{"line":11,"column":4887}},{"start":{"line":11,"column":4892},"end":{"line":11,"column":5008}}],"line":11},"36":{"loc":{"start":{"line":11,"column":5092},"end":{"line":11,"column":5222}},"type":"if","locations":[{"start":{"line":11,"column":5092},"end":{"line":11,"column":5222}},{"start":{"line":11,"column":5092},"end":{"line":11,"column":5222}}],"line":11},"37":{"loc":{"start":{"line":11,"column":5253},"end":{"line":11,"column":5618}},"type":"cond-expr","locations":[{"start":{"line":11,"column":5260},"end":{"line":11,"column":5481}},{"start":{"line":11,"column":5485},"end":{"line":11,"column":5617}}],"line":11},"38":{"loc":{"start":{"line":11,"column":5260},"end":{"line":11,"column":5481}},"type":"cond-expr","locations":[{"start":{"line":11,"column":5273},"end":{"line":11,"column":5473}},{"start":{"line":11,"column":5477},"end":{"line":11,"column":5481}}],"line":11},"39":{"loc":{"start":{"line":11,"column":5349},"end":{"line":11,"column":5430}},"type":"binary-expr","locations":[{"start":{"line":11,"column":5349},"end":{"line":11,"column":5376}},{"start":{"line":11,"column":5381},"end":{"line":11,"column":5429}}],"line":11},"40":{"loc":{"start":{"line":11,"column":5685},"end":{"line":11,"column":5724}},"type":"binary-expr","locations":[{"start":{"line":11,"column":5685},"end":{"line":11,"column":5694}},{"start":{"line":11,"column":5699},"end":{"line":11,"column":5723}}],"line":11},"41":{"loc":{"start":{"line":11,"column":5726},"end":{"line":11,"column":5793}},"type":"binary-expr","locations":[{"start":{"line":11,"column":5726},"end":{"line":11,"column":5735}},{"start":{"line":11,"column":5740},"end":{"line":11,"column":5792}}],"line":11},"42":{"loc":{"start":{"line":11,"column":5871},"end":{"line":11,"column":5893}},"type":"binary-expr","locations":[{"start":{"line":11,"column":5871},"end":{"line":11,"column":5887}},{"start":{"line":11,"column":5891},"end":{"line":11,"column":5893}}],"line":11},"43":{"loc":{"start":{"line":11,"column":6126},"end":{"line":11,"column":6572}},"type":"if","locations":[{"start":{"line":11,"column":6126},"end":{"line":11,"column":6572}},{"start":{"line":11,"column":6126},"end":{"line":11,"column":6572}}],"line":11},"44":{"loc":{"start":{"line":11,"column":6189},"end":{"line":11,"column":6246}},"type":"if","locations":[{"start":{"line":11,"column":6189},"end":{"line":11,"column":6246}},{"start":{"line":11,"column":6189},"end":{"line":11,"column":6246}}],"line":11},"45":{"loc":{"start":{"line":11,"column":6247},"end":{"line":11,"column":6303}},"type":"if","locations":[{"start":{"line":11,"column":6247},"end":{"line":11,"column":6303}},{"start":{"line":11,"column":6247},"end":{"line":11,"column":6303}}],"line":11},"46":{"loc":{"start":{"line":11,"column":6304},"end":{"line":11,"column":6570}},"type":"if","locations":[{"start":{"line":11,"column":6304},"end":{"line":11,"column":6570}},{"start":{"line":11,"column":6304},"end":{"line":11,"column":6570}}],"line":11},"47":{"loc":{"start":{"line":11,"column":6403},"end":{"line":11,"column":6487}},"type":"if","locations":[{"start":{"line":11,"column":6403},"end":{"line":11,"column":6487}},{"start":{"line":11,"column":6403},"end":{"line":11,"column":6487}}],"line":11},"48":{"loc":{"start":{"line":11,"column":7102},"end":{"line":11,"column":7151}},"type":"binary-expr","locations":[{"start":{"line":11,"column":7102},"end":{"line":11,"column":7129}},{"start":{"line":11,"column":7133},"end":{"line":11,"column":7151}}],"line":11},"49":{"loc":{"start":{"line":11,"column":7160},"end":{"line":11,"column":7257}},"type":"binary-expr","locations":[{"start":{"line":11,"column":7160},"end":{"line":11,"column":7166}},{"start":{"line":11,"column":7171},"end":{"line":11,"column":7197}},{"start":{"line":11,"column":7201},"end":{"line":11,"column":7256}}],"line":11},"50":{"loc":{"start":{"line":11,"column":7226},"end":{"line":11,"column":7255}},"type":"binary-expr","locations":[{"start":{"line":11,"column":7226},"end":{"line":11,"column":7242}},{"start":{"line":11,"column":7246},"end":{"line":11,"column":7255}}],"line":11},"51":{"loc":{"start":{"line":11,"column":7304},"end":{"line":11,"column":7491}},"type":"cond-expr","locations":[{"start":{"line":11,"column":7328},"end":{"line":11,"column":7385}},{"start":{"line":11,"column":7389},"end":{"line":11,"column":7490}}],"line":11},"52":{"loc":{"start":{"line":11,"column":7852},"end":{"line":11,"column":7901}},"type":"binary-expr","locations":[{"start":{"line":11,"column":7852},"end":{"line":11,"column":7874}},{"start":{"line":11,"column":7879},"end":{"line":11,"column":7900}}],"line":11},"53":{"loc":{"start":{"line":11,"column":7996},"end":{"line":11,"column":8130}},"type":"cond-expr","locations":[{"start":{"line":11,"column":8035},"end":{"line":11,"column":8039}},{"start":{"line":11,"column":8042},"end":{"line":11,"column":8130}}],"line":11},"54":{"loc":{"start":{"line":11,"column":8086},"end":{"line":11,"column":8126}},"type":"cond-expr","locations":[{"start":{"line":11,"column":8100},"end":{"line":11,"column":8112}},{"start":{"line":11,"column":8115},"end":{"line":11,"column":8126}}],"line":11},"55":{"loc":{"start":{"line":11,"column":8529},"end":{"line":11,"column":8594}},"type":"if","locations":[{"start":{"line":11,"column":8529},"end":{"line":11,"column":8594}},{"start":{"line":11,"column":8529},"end":{"line":11,"column":8594}}],"line":11},"56":{"loc":{"start":{"line":11,"column":8740},"end":{"line":11,"column":9075}},"type":"if","locations":[{"start":{"line":11,"column":8740},"end":{"line":11,"column":9075}},{"start":{"line":11,"column":8740},"end":{"line":11,"column":9075}}],"line":11},"57":{"loc":{"start":{"line":11,"column":8971},"end":{"line":11,"column":9074}},"type":"binary-expr","locations":[{"start":{"line":11,"column":8971},"end":{"line":11,"column":8993}},{"start":{"line":11,"column":8997},"end":{"line":11,"column":9020}},{"start":{"line":11,"column":9024},"end":{"line":11,"column":9046}},{"start":{"line":11,"column":9051},"end":{"line":11,"column":9073}}],"line":11},"58":{"loc":{"start":{"line":11,"column":9167},"end":{"line":11,"column":9221}},"type":"if","locations":[{"start":{"line":11,"column":9167},"end":{"line":11,"column":9221}},{"start":{"line":11,"column":9167},"end":{"line":11,"column":9221}}],"line":11},"59":{"loc":{"start":{"line":11,"column":9302},"end":{"line":11,"column":9333}},"type":"if","locations":[{"start":{"line":11,"column":9302},"end":{"line":11,"column":9333}},{"start":{"line":11,"column":9302},"end":{"line":11,"column":9333}}],"line":11},"60":{"loc":{"start":{"line":11,"column":9459},"end":{"line":11,"column":9519}},"type":"binary-expr","locations":[{"start":{"line":11,"column":9459},"end":{"line":11,"column":9465}},{"start":{"line":11,"column":9470},"end":{"line":11,"column":9518}}],"line":11},"61":{"loc":{"start":{"line":11,"column":9648},"end":{"line":11,"column":9698}},"type":"if","locations":[{"start":{"line":11,"column":9648},"end":{"line":11,"column":9698}},{"start":{"line":11,"column":9648},"end":{"line":11,"column":9698}}],"line":11},"62":{"loc":{"start":{"line":11,"column":9699},"end":{"line":11,"column":10235}},"type":"if","locations":[{"start":{"line":11,"column":9699},"end":{"line":11,"column":10235}},{"start":{"line":11,"column":9699},"end":{"line":11,"column":10235}}],"line":11},"63":{"loc":{"start":{"line":11,"column":9826},"end":{"line":11,"column":10233}},"type":"if","locations":[{"start":{"line":11,"column":9826},"end":{"line":11,"column":10233}},{"start":{"line":11,"column":9826},"end":{"line":11,"column":10233}}],"line":11},"64":{"loc":{"start":{"line":11,"column":9830},"end":{"line":11,"column":9852}},"type":"binary-expr","locations":[{"start":{"line":11,"column":9830},"end":{"line":11,"column":9838}},{"start":{"line":11,"column":9842},"end":{"line":11,"column":9852}}],"line":11},"65":{"loc":{"start":{"line":11,"column":9856},"end":{"line":11,"column":9922}},"type":"if","locations":[{"start":{"line":11,"column":9856},"end":{"line":11,"column":9922}},{"start":{"line":11,"column":9856},"end":{"line":11,"column":9922}}],"line":11},"66":{"loc":{"start":{"line":11,"column":9923},"end":{"line":11,"column":9989}},"type":"if","locations":[{"start":{"line":11,"column":9923},"end":{"line":11,"column":9989}},{"start":{"line":11,"column":9923},"end":{"line":11,"column":9989}}],"line":11},"67":{"loc":{"start":{"line":11,"column":9997},"end":{"line":11,"column":10233}},"type":"if","locations":[{"start":{"line":11,"column":9997},"end":{"line":11,"column":10233}},{"start":{"line":11,"column":9997},"end":{"line":11,"column":10233}}],"line":11},"68":{"loc":{"start":{"line":11,"column":10013},"end":{"line":11,"column":10079}},"type":"if","locations":[{"start":{"line":11,"column":10013},"end":{"line":11,"column":10079}},{"start":{"line":11,"column":10013},"end":{"line":11,"column":10079}}],"line":11},"69":{"loc":{"start":{"line":11,"column":10089},"end":{"line":11,"column":10164}},"type":"if","locations":[{"start":{"line":11,"column":10089},"end":{"line":11,"column":10164}},{"start":{"line":11,"column":10089},"end":{"line":11,"column":10164}}],"line":11},"70":{"loc":{"start":{"line":11,"column":10165},"end":{"line":11,"column":10231}},"type":"if","locations":[{"start":{"line":11,"column":10165},"end":{"line":11,"column":10231}},{"start":{"line":11,"column":10165},"end":{"line":11,"column":10231}}],"line":11},"71":{"loc":{"start":{"line":11,"column":10366},"end":{"line":11,"column":10501}},"type":"if","locations":[{"start":{"line":11,"column":10366},"end":{"line":11,"column":10501}},{"start":{"line":11,"column":10366},"end":{"line":11,"column":10501}}],"line":11},"72":{"loc":{"start":{"line":11,"column":10370},"end":{"line":11,"column":10463}},"type":"binary-expr","locations":[{"start":{"line":11,"column":10370},"end":{"line":11,"column":10395}},{"start":{"line":11,"column":10399},"end":{"line":11,"column":10431}},{"start":{"line":11,"column":10435},"end":{"line":11,"column":10463}}],"line":11},"73":{"loc":{"start":{"line":11,"column":10504},"end":{"line":11,"column":10650}},"type":"binary-expr","locations":[{"start":{"line":11,"column":10504},"end":{"line":11,"column":10516}},{"start":{"line":11,"column":10521},"end":{"line":11,"column":10537}},{"start":{"line":11,"column":10541},"end":{"line":11,"column":10560}},{"start":{"line":11,"column":10565},"end":{"line":11,"column":10591}},{"start":{"line":11,"column":10595},"end":{"line":11,"column":10625}},{"start":{"line":11,"column":10630},"end":{"line":11,"column":10649}}],"line":11},"74":{"loc":{"start":{"line":11,"column":10665},"end":{"line":11,"column":10708}},"type":"cond-expr","locations":[{"start":{"line":11,"column":10680},"end":{"line":11,"column":10703}},{"start":{"line":11,"column":10706},"end":{"line":11,"column":10708}}],"line":11},"75":{"loc":{"start":{"line":11,"column":10755},"end":{"line":11,"column":10871}},"type":"cond-expr","locations":[{"start":{"line":11,"column":10771},"end":{"line":11,"column":10846}},{"start":{"line":11,"column":10850},"end":{"line":11,"column":10871}}],"line":11},"76":{"loc":{"start":{"line":11,"column":10924},"end":{"line":11,"column":10970}},"type":"if","locations":[{"start":{"line":11,"column":10924},"end":{"line":11,"column":10970}},{"start":{"line":11,"column":10924},"end":{"line":11,"column":10970}}],"line":11},"77":{"loc":{"start":{"line":11,"column":10978},"end":{"line":11,"column":11229}},"type":"cond-expr","locations":[{"start":{"line":11,"column":11034},"end":{"line":11,"column":11056}},{"start":{"line":11,"column":11059},"end":{"line":11,"column":11229}}],"line":11},"78":{"loc":{"start":{"line":11,"column":10978},"end":{"line":11,"column":11031}},"type":"binary-expr","locations":[{"start":{"line":11,"column":10978},"end":{"line":11,"column":11001}},{"start":{"line":11,"column":11005},"end":{"line":11,"column":11031}}],"line":11},"79":{"loc":{"start":{"line":11,"column":11059},"end":{"line":11,"column":11229}},"type":"cond-expr","locations":[{"start":{"line":11,"column":11087},"end":{"line":11,"column":11163}},{"start":{"line":11,"column":11167},"end":{"line":11,"column":11229}}],"line":11},"80":{"loc":{"start":{"line":11,"column":11167},"end":{"line":11,"column":11229}},"type":"binary-expr","locations":[{"start":{"line":11,"column":11167},"end":{"line":11,"column":11191}},{"start":{"line":11,"column":11195},"end":{"line":11,"column":11203}},{"start":{"line":11,"column":11208},"end":{"line":11,"column":11228}}],"line":11},"81":{"loc":{"start":{"line":11,"column":11378},"end":{"line":11,"column":11510}},"type":"if","locations":[{"start":{"line":11,"column":11378},"end":{"line":11,"column":11510}},{"start":{"line":11,"column":11378},"end":{"line":11,"column":11510}}],"line":11},"82":{"loc":{"start":{"line":11,"column":11639},"end":{"line":11,"column":11797}},"type":"if","locations":[{"start":{"line":11,"column":11639},"end":{"line":11,"column":11797}},{"start":{"line":11,"column":11639},"end":{"line":11,"column":11797}}],"line":11},"83":{"loc":{"start":{"line":11,"column":11701},"end":{"line":11,"column":11780}},"type":"if","locations":[{"start":{"line":11,"column":11701},"end":{"line":11,"column":11780}},{"start":{"line":11,"column":11701},"end":{"line":11,"column":11780}}],"line":11},"84":{"loc":{"start":{"line":11,"column":12013},"end":{"line":11,"column":12061}},"type":"binary-expr","locations":[{"start":{"line":11,"column":12013},"end":{"line":11,"column":12035}},{"start":{"line":11,"column":12040},"end":{"line":11,"column":12060}}],"line":11},"85":{"loc":{"start":{"line":12,"column":176},"end":{"line":12,"column":263}},"type":"if","locations":[{"start":{"line":12,"column":176},"end":{"line":12,"column":263}},{"start":{"line":12,"column":176},"end":{"line":12,"column":263}}],"line":12},"86":{"loc":{"start":{"line":25,"column":16},"end":{"line":46,"column":7}},"type":"switch","locations":[{"start":{"line":26,"column":8},"end":{"line":32,"column":13}},{"start":{"line":33,"column":8},"end":{"line":37,"column":16}},{"start":{"line":38,"column":8},"end":{"line":42,"column":25}},{"start":{"line":43,"column":8},"end":{"line":43,"column":16}},{"start":{"line":44,"column":8},"end":{"line":45,"column":33}}],"line":25}},"s":{"0":0,"1":0,"2":0,"3":1,"4":1,"5":1,"6":1,"7":2,"8":1,"9":1,"10":1,"11":1,"12":1,"13":1,"14":0,"15":1,"16":1,"17":1,"18":1,"19":13,"20":1,"21":1,"22":0,"23":0,"24":1,"25":1,"26":1,"27":1,"28":1,"29":1,"30":0,"31":1,"32":1,"33":1,"34":1,"35":0,"36":1,"37":1,"38":1,"39":1,"40":2,"41":6,"42":1,"43":0,"44":0,"45":0,"46":0,"47":0,"48":0,"49":0,"50":0,"51":0,"52":0,"53":0,"54":0,"55":0,"56":0,"57":1,"58":1,"59":1,"60":0,"61":1,"62":0,"63":0,"64":0,"65":1,"66":1,"67":1,"68":0,"69":0,"70":0,"71":0,"72":0,"73":1,"74":1,"75":0,"76":0,"77":0,"78":0,"79":0,"80":1,"81":1,"82":1,"83":1,"84":0,"85":1,"86":0,"87":0,"88":0,"89":0,"90":0,"91":0,"92":0,"93":0,"94":0,"95":0,"96":1,"97":1,"98":2,"99":2,"100":1,"101":1,"102":1,"103":1,"104":1,"105":0,"106":0,"107":0,"108":0,"109":0,"110":0,"111":0,"112":0,"113":0,"114":0,"115":0,"116":0,"117":1,"118":0,"119":0,"120":1,"121":0,"122":0,"123":0,"124":0,"125":0,"126":0,"127":0,"128":0,"129":0,"130":0,"131":0,"132":0,"133":0,"134":0,"135":0,"136":0,"137":0,"138":0,"139":1,"140":0,"141":0,"142":0,"143":0,"144":0,"145":0,"146":0,"147":0,"148":0,"149":0,"150":0,"151":0,"152":0,"153":0,"154":0,"155":0,"156":0,"157":0,"158":0,"159":0,"160":0,"161":0,"162":0,"163":0,"164":0,"165":0,"166":0,"167":0,"168":0,"169":0,"170":0,"171":0,"172":0,"173":0,"174":0,"175":0,"176":0,"177":0,"178":0,"179":0,"180":0,"181":0,"182":0,"183":0,"184":0,"185":0,"186":0,"187":0,"188":0,"189":0,"190":0,"191":0,"192":0,"193":0,"194":0,"195":0,"196":0,"197":0,"198":0,"199":0,"200":1,"201":1,"202":1,"203":0,"204":0,"205":1,"206":0,"207":1,"208":1,"209":1,"210":1,"211":1,"212":1,"213":1,"214":0,"215":1,"216":1,"217":1,"218":1,"219":1,"220":1,"221":1,"222":1,"223":1,"224":1,"225":0,"226":0,"227":0,"228":0,"229":0,"230":0,"231":0,"232":0,"233":0,"234":1,"235":1,"236":1,"237":1},"f":{"0":0,"1":0,"2":0,"3":2,"4":1,"5":1,"6":0,"7":13,"8":0,"9":1,"10":1,"11":0,"12":0,"13":0,"14":0,"15":2,"16":6,"17":1,"18":0,"19":0,"20":0,"21":0,"22":0,"23":0,"24":0,"25":0,"26":0,"27":1,"28":1,"29":0,"30":1,"31":2,"32":1,"33":1,"34":0,"35":0,"36":0,"37":1,"38":0,"39":0,"40":0,"41":0,"42":0,"43":0,"44":0,"45":0,"46":1,"47":0,"48":0,"49":0,"50":0,"51":0,"52":0,"53":0,"54":0,"55":1,"56":1,"57":1,"58":1,"59":1,"60":0,"61":1,"62":1,"63":1,"64":1},"b":{"0":[0,0],"1":[0,0],"2":[0,0],"3":[0,0,0,0],"4":[0,2],"5":[2,2],"6":[1,0],"7":[1,0],"8":[1,0],"9":[1,0],"10":[1,0],"11":[1,0],"12":[1,1],"13":[1,0],"14":[1,1],"15":[1,1,1,1],"16":[0,0],"17":[0,0],"18":[0,0,0],"19":[0,0],"20":[0,1],"21":[0,1],"22":[0,0],"23":[0,1],"24":[0,0],"25":[0,0],"26":[1,0],"27":[0,0],"28":[0,0],"29":[0,0],"30":[1,0],"31":[0,1],"32":[0,1],"33":[0,0],"34":[0,0],"35":[0,0,0,0,0],"36":[0,0],"37":[0,0],"38":[0,0],"39":[0,0],"40":[1,1],"41":[1,0],"42":[2,2],"43":[1,0],"44":[1,0],"45":[0,0],"46":[0,0],"47":[0,0],"48":[0,0],"49":[0,0,0],"50":[0,0],"51":[1,0],"52":[0,0],"53":[0,0],"54":[0,0],"55":[0,0],"56":[0,1],"57":[0,0,0,0],"58":[0,0],"59":[0,0],"60":[0,0],"61":[0,0],"62":[0,0],"63":[0,0],"64":[0,0],"65":[0,0],"66":[0,0],"67":[0,0],"68":[0,0],"69":[0,0],"70":[0,0],"71":[0,0],"72":[0,0,0],"73":[0,0,0,0,0,0],"74":[0,0],"75":[0,0],"76":[0,0],"77":[0,0],"78":[0,0],"79":[0,0],"80":[0,0,0],"81":[0,0],"82":[0,0],"83":[0,0],"84":[0,0],"85":[0,1],"86":[1,0,0,0,0]},"inputSourceMap":{"version":3,"names":["dotenv","config","connectDb","mongoose","connect","process","env","MONGODB_URI","useUnifiedTopology","useNewUrlParser","conn","console","log","connection","host","message","exit"],"sourceRoot":"D:\\SEF\\NestEstate\\NestEstate_backend\\src\\config\\","sources":["config.js"],"sourcesContent":["import mongoose from \"mongoose\";\r\nimport dotenv from \"dotenv\";\r\n\r\ndotenv.config();\r\n\r\n/**\r\n * @description Connect to MongoDB\r\n* @returns {Promise<void>}\r\n\r\n */\r\nconst connectDb = async () => {\r\n  try {\r\n    const conn = await mongoose.connect(process.env.MONGODB_URI, {\r\n      useUnifiedTopology: true,\r\n      useNewUrlParser: true,\r\n    });\r\n\r\n    console.log(`MongoDB connected:${conn.connection.host}`);\r\n  } catch (error) {\r\n    console.log(`Error:${error.message}`);\r\n    process.exit();\r\n  }\r\n};\r\n\r\nexport default connectDb;\r\n"],"mappings":";;;;;;;AAAA;AACA;AAA4B;AAAA,+CAA5B;AAAA;AAAA;AAEAA,kBAAM,CAACC,MAAM,EAAE;;AAEf;AACA;AACA;AACA;AACA;AACA,IAAMC,SAAS;EAAA,sEAAG;IAAA;IAAA;MAAA;QAAA;UAAA;UAAA;UAAA,OAEKC,oBAAQ,CAACC,OAAO,CAACC,OAAO,CAACC,GAAG,CAACC,WAAW,EAAE;YAC3DC,kBAAkB,EAAE,IAAI;YACxBC,eAAe,EAAE;UACnB,CAAC,CAAC;QAAA;UAHIC,IAAI;UAKVC,OAAO,CAACC,GAAG,6BAAsBF,IAAI,CAACG,UAAU,CAACC,IAAI,EAAG;UAAC;UAAA;QAAA;UAAA;UAAA;UAEzDH,OAAO,CAACC,GAAG,iBAAU,YAAMG,OAAO,EAAG;UACrCV,OAAO,CAACW,IAAI,EAAE;QAAC;QAAA;UAAA;MAAA;IAAA;EAAA,CAElB;EAAA,gBAZKd,SAAS;IAAA;EAAA;AAAA,GAYd;AAAC,eAEaA,SAAS;AAAA"},"_coverageSchema":"1a1c01bbd47fc00a2c39e90264f33305004495a9","hash":"3e3b906b370f7b904ef75d4d66fbb228a146e64b","contentHash":"a947d5b9f7439142bd80d4e97109e7c2834ea45f0dfd024f0f326b1af5f62bb2"},"D:\\SEF\\NestEstate\\NestEstate_backend\\src\\routes\\userRouter.js":{"path":"D:\\SEF\\NestEstate\\NestEstate_backend\\src\\routes\\userRouter.js","statementMap":{"0":{"start":{"line":3,"column":0},"end":{"line":5,"column":3}},"1":{"start":{"line":6,"column":0},"end":{"line":6,"column":28}},"2":{"start":{"line":7,"column":15},"end":{"line":7,"column":57}},"3":{"start":{"line":8,"column":22},"end":{"line":8,"column":86}},"4":{"start":{"line":9,"column":26},"end":{"line":9,"column":96}},"5":{"start":{"line":10,"column":21},"end":{"line":10,"column":84}},"6":{"start":{"line":11,"column":18},"end":{"line":11,"column":78}},"7":{"start":{"line":12,"column":39},"end":{"line":12,"column":95}},"8":{"start":{"line":13,"column":13},"end":{"line":13,"column":41}},"9":{"start":{"line":14,"column":0},"end":{"line":14,"column":155}},"10":{"start":{"line":15,"column":0},"end":{"line":15,"column":74}},"11":{"start":{"line":16,"column":0},"end":{"line":16,"column":80}},"12":{"start":{"line":17,"column":0},"end":{"line":17,"column":56}},"13":{"start":{"line":18,"column":0},"end":{"line":18,"column":58}},"14":{"start":{"line":19,"column":0},"end":{"line":19,"column":92}},"15":{"start":{"line":20,"column":0},"end":{"line":20,"column":73}},"16":{"start":{"line":21,"column":0},"end":{"line":21,"column":70}},"17":{"start":{"line":22,"column":15},"end":{"line":22,"column":21}},"18":{"start":{"line":23,"column":0},"end":{"line":23,"column":30}}},"fnMap":{"0":{"name":"_interopRequireDefault","decl":{"start":{"line":12,"column":9},"end":{"line":12,"column":31}},"loc":{"start":{"line":12,"column":37},"end":{"line":12,"column":97}},"line":12}},"branchMap":{"0":{"loc":{"start":{"line":12,"column":46},"end":{"line":12,"column":94}},"type":"cond-expr","locations":[{"start":{"line":12,"column":70},"end":{"line":12,"column":73}},{"start":{"line":12,"column":76},"end":{"line":12,"column":94}}],"line":12},"1":{"loc":{"start":{"line":12,"column":46},"end":{"line":12,"column":67}},"type":"binary-expr","locations":[{"start":{"line":12,"column":46},"end":{"line":12,"column":49}},{"start":{"line":12,"column":53},"end":{"line":12,"column":67}}],"line":12}},"s":{"0":1,"1":1,"2":1,"3":1,"4":1,"5":1,"6":1,"7":5,"8":1,"9":1,"10":1,"11":1,"12":1,"13":1,"14":1,"15":1,"16":1,"17":1,"18":1},"f":{"0":5},"b":{"0":[4,1],"1":[5,5]},"inputSourceMap":{"version":3,"names":["router","express","Router","post","NewUserDataChecker","validateCredentials","CheckPassword","checkPassword","UserController","createUser","forgotPassword","patch","resetPassword","login","logout","protectedRoute","verifyEmail","put","updateUserProfile","get","getUserProfile"],"sourceRoot":"D:\\SEF\\NestEstate\\NestEstate_backend\\src\\routes\\","sources":["userRouter.js"],"sourcesContent":["import express from \"express\";\r\nimport UserController from \"../controllers/UserController\";\r\nimport NewUserDataChecker from \"./../middlewares/NewUserDataChecker\";\r\nimport CheckPassword from \"../middlewares/CheckPassword\";\r\nimport protectedRoute from \"../middlewares/verifyUser\";\r\n\r\nconst router = express.Router();\r\n\r\nrouter.post(\r\n  \"/signup\",\r\n  NewUserDataChecker.validateCredentials,\r\n  CheckPassword.checkPassword,\r\n  UserController.createUser\r\n);\r\n\r\nrouter.post(\"/forgotPassword\", UserController.forgotPassword);\r\nrouter.patch(\"/resetPassword/:token\", UserController.resetPassword);\r\n\r\nrouter.post(\"/login\", UserController.login);\r\n\r\nrouter.post(\"/logout\", UserController.logout);\r\n\r\nrouter.post(\"/verifyEmail\", protectedRoute, UserController.verifyEmail);\r\n\r\nrouter.put(\"/profile/:id\", UserController.updateUserProfile);\r\n\r\nrouter.get(\"/profile/:id\",UserController.getUserProfile);\r\n\r\nexport default router;\r\n"],"mappings":";;;;;;AAAA;AACA;AACA;AACA;AACA;AAAuD;AAEvD,IAAMA,MAAM,GAAGC,mBAAO,CAACC,MAAM,EAAE;AAE/BF,MAAM,CAACG,IAAI,CACT,SAAS,EACTC,8BAAkB,CAACC,mBAAmB,EACtCC,yBAAa,CAACC,aAAa,EAC3BC,0BAAc,CAACC,UAAU,CAC1B;AAEDT,MAAM,CAACG,IAAI,CAAC,iBAAiB,EAAEK,0BAAc,CAACE,cAAc,CAAC;AAC7DV,MAAM,CAACW,KAAK,CAAC,uBAAuB,EAAEH,0BAAc,CAACI,aAAa,CAAC;AAEnEZ,MAAM,CAACG,IAAI,CAAC,QAAQ,EAAEK,0BAAc,CAACK,KAAK,CAAC;AAE3Cb,MAAM,CAACG,IAAI,CAAC,SAAS,EAAEK,0BAAc,CAACM,MAAM,CAAC;AAE7Cd,MAAM,CAACG,IAAI,CAAC,cAAc,EAAEY,sBAAc,EAAEP,0BAAc,CAACQ,WAAW,CAAC;AAEvEhB,MAAM,CAACiB,GAAG,CAAC,cAAc,EAAET,0BAAc,CAACU,iBAAiB,CAAC;AAE5DlB,MAAM,CAACmB,GAAG,CAAC,cAAc,EAACX,0BAAc,CAACY,cAAc,CAAC;AAAC,eAE1CpB,MAAM;AAAA"},"_coverageSchema":"1a1c01bbd47fc00a2c39e90264f33305004495a9","hash":"2cceb1a23b9fed69d868e064b3376fd844243bbb","contentHash":"69e5dc9bbf9921c1c8869fc47a405a250ae65f0bcf385102d4af1062c7297543"},"D:\\SEF\\NestEstate\\NestEstate_backend\\src\\controllers\\UserController.js":{"path":"D:\\SEF\\NestEstate\\NestEstate_backend\\src\\controllers\\UserController.js","statementMap":{"0":{"start":{"line":3,"column":0},"end":{"line":5,"column":3}},"1":{"start":{"line":6,"column":0},"end":{"line":6,"column":28}},"2":{"start":{"line":7,"column":18},"end":{"line":7,"column":64}},"3":{"start":{"line":8,"column":19},"end":{"line":8,"column":77}},"4":{"start":{"line":9,"column":17},"end":{"line":9,"column":71}},"5":{"start":{"line":10,"column":23},"end":{"line":10,"column":82}},"6":{"start":{"line":11,"column":16},"end":{"line":11,"column":68}},"7":{"start":{"line":12,"column":14},"end":{"line":12,"column":55}},"8":{"start":{"line":13,"column":13},"end":{"line":13,"column":62}},"9":{"start":{"line":14,"column":26},"end":{"line":14,"column":90}},"10":{"start":{"line":15,"column":12},"end":{"line":15,"column":61}},"11":{"start":{"line":16,"column":14},"end":{"line":16,"column":55}},"12":{"start":{"line":17,"column":16},"end":{"line":17,"column":59}},"13":{"start":{"line":18,"column":20},"end":{"line":18,"column":67}},"14":{"start":{"line":19,"column":16},"end":{"line":19,"column":28}},"15":{"start":{"line":20,"column":39},"end":{"line":20,"column":95}},"16":{"start":{"line":21,"column":196},"end":{"line":21,"column":269}},"17":{"start":{"line":21,"column":251},"end":{"line":21,"column":266}},"18":{"start":{"line":21,"column":284},"end":{"line":21,"column":286}},"19":{"start":{"line":21,"column":293},"end":{"line":21,"column":309}},"20":{"start":{"line":21,"column":320},"end":{"line":21,"column":337}},"21":{"start":{"line":21,"column":356},"end":{"line":21,"column":433}},"22":{"start":{"line":21,"column":409},"end":{"line":21,"column":431}},"23":{"start":{"line":21,"column":445},"end":{"line":21,"column":486}},"24":{"start":{"line":21,"column":505},"end":{"line":21,"column":537}},"25":{"start":{"line":21,"column":561},"end":{"line":21,"column":603}},"26":{"start":{"line":21,"column":625},"end":{"line":21,"column":663}},"27":{"start":{"line":21,"column":700},"end":{"line":21,"column":815}},"28":{"start":{"line":21,"column":818},"end":{"line":21,"column":929}},"29":{"start":{"line":21,"column":824},"end":{"line":21,"column":839}},"30":{"start":{"line":21,"column":856},"end":{"line":21,"column":927}},"31":{"start":{"line":21,"column":900},"end":{"line":21,"column":924}},"32":{"start":{"line":21,"column":1004},"end":{"line":21,"column":1075}},"33":{"start":{"line":21,"column":1089},"end":{"line":21,"column":1128}},"34":{"start":{"line":21,"column":1140},"end":{"line":21,"column":1170}},"35":{"start":{"line":21,"column":1172},"end":{"line":21,"column":1280}},"36":{"start":{"line":21,"column":1317},"end":{"line":21,"column":1427}},"37":{"start":{"line":21,"column":1323},"end":{"line":21,"column":1373}},"38":{"start":{"line":21,"column":1390},"end":{"line":21,"column":1425}},"39":{"start":{"line":21,"column":1430},"end":{"line":21,"column":1450}},"40":{"start":{"line":21,"column":1474},"end":{"line":21,"column":1476}},"41":{"start":{"line":21,"column":1599},"end":{"line":21,"column":1601}},"42":{"start":{"line":21,"column":1603},"end":{"line":21,"column":1675}},"43":{"start":{"line":21,"column":1659},"end":{"line":21,"column":1671}},"44":{"start":{"line":21,"column":1691},"end":{"line":21,"column":1712}},"45":{"start":{"line":21,"column":1740},"end":{"line":21,"column":1782}},"46":{"start":{"line":21,"column":1784},"end":{"line":21,"column":1947}},"47":{"start":{"line":21,"column":1957},"end":{"line":21,"column":2050}},"48":{"start":{"line":21,"column":2096},"end":{"line":21,"column":2236}},"49":{"start":{"line":21,"column":2152},"end":{"line":21,"column":2232}},"50":{"start":{"line":21,"column":2195},"end":{"line":21,"column":2228}},"51":{"start":{"line":21,"column":2349},"end":{"line":21,"column":2392}},"52":{"start":{"line":21,"column":2394},"end":{"line":21,"column":2886}},"53":{"start":{"line":21,"column":2438},"end":{"line":21,"column":2448}},"54":{"start":{"line":21,"column":2458},"end":{"line":21,"column":2470}},"55":{"start":{"line":21,"column":2472},"end":{"line":21,"column":2884}},"56":{"start":{"line":21,"column":2609},"end":{"line":21,"column":2648}},"57":{"start":{"line":21,"column":2669},"end":{"line":21,"column":2707}},"58":{"start":{"line":21,"column":2768},"end":{"line":21,"column":2810}},"59":{"start":{"line":21,"column":2833},"end":{"line":21,"column":2880}},"60":{"start":{"line":21,"column":2887},"end":{"line":21,"column":2906}},"61":{"start":{"line":21,"column":2930},"end":{"line":21,"column":3294}},"62":{"start":{"line":21,"column":3041},"end":{"line":21,"column":3134}},"63":{"start":{"line":21,"column":3093},"end":{"line":21,"column":3130}},"64":{"start":{"line":21,"column":3137},"end":{"line":21,"column":3288}},"65":{"start":{"line":21,"column":3361},"end":{"line":21,"column":3377}},"66":{"start":{"line":21,"column":3379},"end":{"line":21,"column":4499}},"67":{"start":{"line":21,"column":3411},"end":{"line":21,"column":3486}},"68":{"start":{"line":21,"column":3438},"end":{"line":21,"column":3486}},"69":{"start":{"line":21,"column":3487},"end":{"line":21,"column":3573}},"70":{"start":{"line":21,"column":3516},"end":{"line":21,"column":3550}},"71":{"start":{"line":21,"column":3540},"end":{"line":21,"column":3550}},"72":{"start":{"line":21,"column":3551},"end":{"line":21,"column":3571}},"73":{"start":{"line":21,"column":3574},"end":{"line":21,"column":4496}},"74":{"start":{"line":21,"column":3642},"end":{"line":21,"column":3658}},"75":{"start":{"line":21,"column":3660},"end":{"line":21,"column":3836}},"76":{"start":{"line":21,"column":3697},"end":{"line":21,"column":3735}},"77":{"start":{"line":21,"column":3737},"end":{"line":21,"column":3834}},"78":{"start":{"line":21,"column":3759},"end":{"line":21,"column":3809}},"79":{"start":{"line":21,"column":3800},"end":{"line":21,"column":3809}},"80":{"start":{"line":21,"column":3810},"end":{"line":21,"column":3832}},"81":{"start":{"line":21,"column":3837},"end":{"line":21,"column":4138}},"82":{"start":{"line":21,"column":3868},"end":{"line":21,"column":3911}},"83":{"start":{"line":21,"column":3916},"end":{"line":21,"column":4138}},"84":{"start":{"line":21,"column":3950},"end":{"line":21,"column":4021}},"85":{"start":{"line":21,"column":3982},"end":{"line":21,"column":4021}},"86":{"start":{"line":21,"column":4022},"end":{"line":21,"column":4061}},"87":{"start":{"line":21,"column":4069},"end":{"line":21,"column":4138}},"88":{"start":{"line":21,"column":4139},"end":{"line":21,"column":4159}},"89":{"start":{"line":21,"column":4173},"end":{"line":21,"column":4205}},"90":{"start":{"line":21,"column":4207},"end":{"line":21,"column":4392}},"91":{"start":{"line":21,"column":4239},"end":{"line":21,"column":4340}},"92":{"start":{"line":21,"column":4331},"end":{"line":21,"column":4340}},"93":{"start":{"line":21,"column":4341},"end":{"line":21,"column":4390}},"94":{"start":{"line":21,"column":4393},"end":{"line":21,"column":4494}},"95":{"start":{"line":21,"column":4569},"end":{"line":21,"column":4583}},"96":{"start":{"line":21,"column":4594},"end":{"line":21,"column":4623}},"97":{"start":{"line":21,"column":4625},"end":{"line":21,"column":5028}},"98":{"start":{"line":21,"column":4651},"end":{"line":21,"column":5028}},"99":{"start":{"line":21,"column":5042},"end":{"line":21,"column":5090}},"100":{"start":{"line":21,"column":5092},"end":{"line":21,"column":5222}},"101":{"start":{"line":21,"column":5121},"end":{"line":21,"column":5222}},"102":{"start":{"line":21,"column":5234},"end":{"line":21,"column":5244}},"103":{"start":{"line":21,"column":5246},"end":{"line":21,"column":5619}},"104":{"start":{"line":21,"column":5664},"end":{"line":21,"column":5683}},"105":{"start":{"line":21,"column":5685},"end":{"line":21,"column":5823}},"106":{"start":{"line":21,"column":5871},"end":{"line":21,"column":5893}},"107":{"start":{"line":21,"column":5895},"end":{"line":21,"column":5964}},"108":{"start":{"line":21,"column":5999},"end":{"line":21,"column":6095}},"109":{"start":{"line":21,"column":6126},"end":{"line":21,"column":6572}},"110":{"start":{"line":21,"column":6163},"end":{"line":21,"column":6187}},"111":{"start":{"line":21,"column":6189},"end":{"line":21,"column":6246}},"112":{"start":{"line":21,"column":6209},"end":{"line":21,"column":6246}},"113":{"start":{"line":21,"column":6247},"end":{"line":21,"column":6303}},"114":{"start":{"line":21,"column":6287},"end":{"line":21,"column":6303}},"115":{"start":{"line":21,"column":6304},"end":{"line":21,"column":6570}},"116":{"start":{"line":21,"column":6343},"end":{"line":21,"column":6345}},"117":{"start":{"line":21,"column":6354},"end":{"line":21,"column":6542}},"118":{"start":{"line":21,"column":6372},"end":{"line":21,"column":6487}},"119":{"start":{"line":21,"column":6403},"end":{"line":21,"column":6487}},"120":{"start":{"line":21,"column":6433},"end":{"line":21,"column":6487}},"121":{"start":{"line":21,"column":6488},"end":{"line":21,"column":6540}},"122":{"start":{"line":21,"column":6544},"end":{"line":21,"column":6568}},"123":{"start":{"line":21,"column":6573},"end":{"line":21,"column":6601}},"124":{"start":{"line":21,"column":6628},"end":{"line":21,"column":6666}},"125":{"start":{"line":21,"column":6669},"end":{"line":21,"column":12094}},"126":{"start":{"line":21,"column":7102},"end":{"line":21,"column":7151}},"127":{"start":{"line":21,"column":7153},"end":{"line":21,"column":7258}},"128":{"start":{"line":21,"column":7297},"end":{"line":21,"column":7538}},"129":{"start":{"line":21,"column":7575},"end":{"line":21,"column":7599}},"130":{"start":{"line":21,"column":7718},"end":{"line":21,"column":7730}},"131":{"start":{"line":21,"column":7852},"end":{"line":21,"column":7902}},"132":{"start":{"line":21,"column":7914},"end":{"line":21,"column":7987}},"133":{"start":{"line":21,"column":7989},"end":{"line":21,"column":8131}},"134":{"start":{"line":21,"column":8079},"end":{"line":21,"column":8127}},"135":{"start":{"line":21,"column":8247},"end":{"line":21,"column":8259}},"136":{"start":{"line":21,"column":8301},"end":{"line":21,"column":8329}},"137":{"start":{"line":21,"column":8379},"end":{"line":21,"column":8390}},"138":{"start":{"line":21,"column":8399},"end":{"line":21,"column":8401}},"139":{"start":{"line":21,"column":8403},"end":{"line":21,"column":8442}},"140":{"start":{"line":21,"column":8427},"end":{"line":21,"column":8442}},"141":{"start":{"line":21,"column":8443},"end":{"line":21,"column":8628}},"142":{"start":{"line":21,"column":8484},"end":{"line":21,"column":8596}},"143":{"start":{"line":21,"column":8517},"end":{"line":21,"column":8527}},"144":{"start":{"line":21,"column":8529},"end":{"line":21,"column":8594}},"145":{"start":{"line":21,"column":8548},"end":{"line":21,"column":8594}},"146":{"start":{"line":21,"column":8597},"end":{"line":21,"column":8625}},"147":{"start":{"line":21,"column":8740},"end":{"line":21,"column":9075}},"148":{"start":{"line":21,"column":8948},"end":{"line":21,"column":9075}},"149":{"start":{"line":21,"column":8971},"end":{"line":21,"column":9075}},"150":{"start":{"line":21,"column":9103},"end":{"line":21,"column":9118}},"151":{"start":{"line":21,"column":9136},"end":{"line":21,"column":9165}},"152":{"start":{"line":21,"column":9167},"end":{"line":21,"column":9221}},"153":{"start":{"line":21,"column":9200},"end":{"line":21,"column":9221}},"154":{"start":{"line":21,"column":9222},"end":{"line":21,"column":9239}},"155":{"start":{"line":21,"column":9302},"end":{"line":21,"column":9333}},"156":{"start":{"line":21,"column":9317},"end":{"line":21,"column":9333}},"157":{"start":{"line":21,"column":9348},"end":{"line":21,"column":9352}},"158":{"start":{"line":21,"column":9385},"end":{"line":21,"column":9530}},"159":{"start":{"line":21,"column":9533},"end":{"line":21,"column":10237}},"160":{"start":{"line":21,"column":9546},"end":{"line":21,"column":9572}},"161":{"start":{"line":21,"column":9601},"end":{"line":21,"column":9619}},"162":{"start":{"line":21,"column":9630},"end":{"line":21,"column":9646}},"163":{"start":{"line":21,"column":9648},"end":{"line":21,"column":9698}},"164":{"start":{"line":21,"column":9677},"end":{"line":21,"column":9698}},"165":{"start":{"line":21,"column":9699},"end":{"line":21,"column":10235}},"166":{"start":{"line":21,"column":9747},"end":{"line":21,"column":9777}},"167":{"start":{"line":21,"column":9792},"end":{"line":21,"column":9824}},"168":{"start":{"line":21,"column":9826},"end":{"line":21,"column":10233}},"169":{"start":{"line":21,"column":9856},"end":{"l
[...]
e":13,"column":6189},"end":{"line":13,"column":6246}},{"start":{"line":13,"column":6189},"end":{"line":13,"column":6246}}],"line":13},"45":{"loc":{"start":{"line":13,"column":6247},"end":{"line":13,"column":6303}},"type":"if","locations":[{"start":{"line":13,"column":6247},"end":{"line":13,"column":6303}},{"start":{"line":13,"column":6247},"end":{"line":13,"column":6303}}],"line":13},"46":{"loc":{"start":{"line":13,"column":6304},"end":{"line":13,"column":6570}},"type":"if","locations":[{"start":{"line":13,"column":6304},"end":{"line":13,"column":6570}},{"start":{"line":13,"column":6304},"end":{"line":13,"column":6570}}],"line":13},"47":{"loc":{"start":{"line":13,"column":6403},"end":{"line":13,"column":6487}},"type":"if","locations":[{"start":{"line":13,"column":6403},"end":{"line":13,"column":6487}},{"start":{"line":13,"column":6403},"end":{"line":13,"column":6487}}],"line":13},"48":{"loc":{"start":{"line":13,"column":7102},"end":{"line":13,"column":7151}},"type":"binary-expr","locations":[{"start":{"line":13,"column":7102},"end":{"line":13,"column":7129}},{"start":{"line":13,"column":7133},"end":{"line":13,"column":7151}}],"line":13},"49":{"loc":{"start":{"line":13,"column":7160},"end":{"line":13,"column":7257}},"type":"binary-expr","locations":[{"start":{"line":13,"column":7160},"end":{"line":13,"column":7166}},{"start":{"line":13,"column":7171},"end":{"line":13,"column":7197}},{"start":{"line":13,"column":7201},"end":{"line":13,"column":7256}}],"line":13},"50":{"loc":{"start":{"line":13,"column":7226},"end":{"line":13,"column":7255}},"type":"binary-expr","locations":[{"start":{"line":13,"column":7226},"end":{"line":13,"column":7242}},{"start":{"line":13,"column":7246},"end":{"line":13,"column":7255}}],"line":13},"51":{"loc":{"start":{"line":13,"column":7304},"end":{"line":13,"column":7491}},"type":"cond-expr","locations":[{"start":{"line":13,"column":7328},"end":{"line":13,"column":7385}},{"start":{"line":13,"column":7389},"end":{"line":13,"column":7490}}],"line":13},"52":{"loc":{"start":{"line":13,"column":7852},"end":{"line":13,"column":7901}},"type":"binary-expr","locations":[{"start":{"line":13,"column":7852},"end":{"line":13,"column":7874}},{"start":{"line":13,"column":7879},"end":{"line":13,"column":7900}}],"line":13},"53":{"loc":{"start":{"line":13,"column":7996},"end":{"line":13,"column":8130}},"type":"cond-expr","locations":[{"start":{"line":13,"column":8035},"end":{"line":13,"column":8039}},{"start":{"line":13,"column":8042},"end":{"line":13,"column":8130}}],"line":13},"54":{"loc":{"start":{"line":13,"column":8086},"end":{"line":13,"column":8126}},"type":"cond-expr","locations":[{"start":{"line":13,"column":8100},"end":{"line":13,"column":8112}},{"start":{"line":13,"column":8115},"end":{"line":13,"column":8126}}],"line":13},"55":{"loc":{"start":{"line":13,"column":8529},"end":{"line":13,"column":8594}},"type":"if","locations":[{"start":{"line":13,"column":8529},"end":{"line":13,"column":8594}},{"start":{"line":13,"column":8529},"end":{"line":13,"column":8594}}],"line":13},"56":{"loc":{"start":{"line":13,"column":8740},"end":{"line":13,"column":9075}},"type":"if","locations":[{"start":{"line":13,"column":8740},"end":{"line":13,"column":9075}},{"start":{"line":13,"column":8740},"end":{"line":13,"column":9075}}],"line":13},"57":{"loc":{"start":{"line":13,"column":8971},"end":{"line":13,"column":9074}},"type":"binary-expr","locations":[{"start":{"line":13,"column":8971},"end":{"line":13,"column":8993}},{"start":{"line":13,"column":8997},"end":{"line":13,"column":9020}},{"start":{"line":13,"column":9024},"end":{"line":13,"column":9046}},{"start":{"line":13,"column":9051},"end":{"line":13,"column":9073}}],"line":13},"58":{"loc":{"start":{"line":13,"column":9167},"end":{"line":13,"column":9221}},"type":"if","locations":[{"start":{"line":13,"column":9167},"end":{"line":13,"column":9221}},{"start":{"line":13,"column":9167},"end":{"line":13,"column":9221}}],"line":13},"59":{"loc":{"start":{"line":13,"column":9302},"end":{"line":13,"column":9333}},"type":"if","locations":[{"start":{"line":13,"column":9302},"end":{"line":13,"column":9333}},{"start":{"line":13,"column":9302},"end":{"line":13,"column":9333}}],"line":13},"60":{"loc":{"start":{"line":13,"column":9459},"end":{"line":13,"column":9519}},"type":"binary-expr","locations":[{"start":{"line":13,"column":9459},"end":{"line":13,"column":9465}},{"start":{"line":13,"column":9470},"end":{"line":13,"column":9518}}],"line":13},"61":{"loc":{"start":{"line":13,"column":9648},"end":{"line":13,"column":9698}},"type":"if","locations":[{"start":{"line":13,"column":9648},"end":{"line":13,"column":9698}},{"start":{"line":13,"column":9648},"end":{"line":13,"column":9698}}],"line":13},"62":{"loc":{"start":{"line":13,"column":9699},"end":{"line":13,"column":10235}},"type":"if","locations":[{"start":{"line":13,"column":9699},"end":{"line":13,"column":10235}},{"start":{"line":13,"column":9699},"end":{"line":13,"column":10235}}],"line":13},"63":{"loc":{"start":{"line":13,"column":9826},"end":{"line":13,"column":10233}},"type":"if","locations":[{"start":{"line":13,"column":9826},"end":{"line":13,"column":10233}},{"start":{"line":13,"column":9826},"end":{"line":13,"column":10233}}],"line":13},"64":{"loc":{"start":{"line":13,"column":9830},"end":{"line":13,"column":9852}},"type":"binary-expr","locations":[{"start":{"line":13,"column":9830},"end":{"line":13,"column":9838}},{"start":{"line":13,"column":9842},"end":{"line":13,"column":9852}}],"line":13},"65":{"loc":{"start":{"line":13,"column":9856},"end":{"line":13,"column":9922}},"type":"if","locations":[{"start":{"line":13,"column":9856},"end":{"line":13,"column":9922}},{"start":{"line":13,"column":9856},"end":{"line":13,"column":9922}}],"line":13},"66":{"loc":{"start":{"line":13,"column":9923},"end":{"line":13,"column":9989}},"type":"if","locations":[{"start":{"line":13,"column":9923},"end":{"line":13,"column":9989}},{"start":{"line":13,"column":9923},"end":{"line":13,"column":9989}}],"line":13},"67":{"loc":{"start":{"line":13,"column":9997},"end":{"line":13,"column":10233}},"type":"if","locations":[{"start":{"line":13,"column":9997},"end":{"line":13,"column":10233}},{"start":{"line":13,"column":9997},"end":{"line":13,"column":10233}}],"line":13},"68":{"loc":{"start":{"line":13,"column":10013},"end":{"line":13,"column":10079}},"type":"if","locations":[{"start":{"line":13,"column":10013},"end":{"line":13,"column":10079}},{"start":{"line":13,"column":10013},"end":{"line":13,"column":10079}}],"line":13},"69":{"loc":{"start":{"line":13,"column":10089},"end":{"line":13,"column":10164}},"type":"if","locations":[{"start":{"line":13,"column":10089},"end":{"line":13,"column":10164}},{"start":{"line":13,"column":10089},"end":{"line":13,"column":10164}}],"line":13},"70":{"loc":{"start":{"line":13,"column":10165},"end":{"line":13,"column":10231}},"type":"if","locations":[{"start":{"line":13,"column":10165},"end":{"line":13,"column":10231}},{"start":{"line":13,"column":10165},"end":{"line":13,"column":10231}}],"line":13},"71":{"loc":{"start":{"line":13,"column":10366},"end":{"line":13,"column":10501}},"type":"if","locations":[{"start":{"line":13,"column":10366},"end":{"line":13,"column":10501}},{"start":{"line":13,"column":10366},"end":{"line":13,"column":10501}}],"line":13},"72":{"loc":{"start":{"line":13,"column":10370},"end":{"line":13,"column":10463}},"type":"binary-expr","locations":[{"start":{"line":13,"column":10370},"end":{"line":13,"column":10395}},{"start":{"line":13,"column":10399},"end":{"line":13,"column":10431}},{"start":{"line":13,"column":10435},"end":{"line":13,"column":10463}}],"line":13},"73":{"loc":{"start":{"line":13,"column":10504},"end":{"line":13,"column":10650}},"type":"binary-expr","locations":[{"start":{"line":13,"column":10504},"end":{"line":13,"column":10516}},{"start":{"line":13,"column":10521},"end":{"line":13,"column":10537}},{"start":{"line":13,"column":10541},"end":{"line":13,"column":10560}},{"start":{"line":13,"column":10565},"end":{"line":13,"column":10591}},{"start":{"line":13,"column":10595},"end":{"line":13,"column":10625}},{"start":{"line":13,"column":10630},"end":{"line":13,"column":10649}}],"line":13},"74":{"loc":{"start":{"line":13,"column":10665},"end":{"line":13,"column":10708}},"type":"cond-expr","locations":[{"start":{"line":13,"column":10680},"end":{"line":13,"column":10703}},{"start":{"line":13,"column":10706},"end":{"line":13,"column":10708}}],"line":13},"75":{"loc":{"start":{"line":13,"column":10755},"end":{"line":13,"column":10871}},"type":"cond-expr","locations":[{"start":{"line":13,"column":10771},"end":{"line":13,"column":10846}},{"start":{"line":13,"column":10850},"end":{"line":13,"column":10871}}],"line":13},"76":{"loc":{"start":{"line":13,"column":10924},"end":{"line":13,"column":10970}},"type":"if","locations":[{"start":{"line":13,"column":10924},"end":{"line":13,"column":10970}},{"start":{"line":13,"column":10924},"end":{"line":13,"column":10970}}],"line":13},"77":{"loc":{"start":{"line":13,"column":10978},"end":{"line":13,"column":11229}},"type":"cond-expr","locations":[{"start":{"line":13,"column":11034},"end":{"line":13,"column":11056}},{"start":{"line":13,"column":11059},"end":{"line":13,"column":11229}}],"line":13},"78":{"loc":{"start":{"line":13,"column":10978},"end":{"line":13,"column":11031}},"type":"binary-expr","locations":[{"start":{"line":13,"column":10978},"end":{"line":13,"column":11001}},{"start":{"line":13,"column":11005},"end":{"line":13,"column":11031}}],"line":13},"79":{"loc":{"start":{"line":13,"column":11059},"end":{"line":13,"column":11229}},"type":"cond-expr","locations":[{"start":{"line":13,"column":11087},"end":{"line":13,"column":11163}},{"start":{"line":13,"column":11167},"end":{"line":13,"column":11229}}],"line":13},"80":{"loc":{"start":{"line":13,"column":11167},"end":{"line":13,"column":11229}},"type":"binary-expr","locations":[{"start":{"line":13,"column":11167},"end":{"line":13,"column":11191}},{"start":{"line":13,"column":11195},"end":{"line":13,"column":11203}},{"start":{"line":13,"column":11208},"end":{"line":13,"column":11228}}],"line":13},"81":{"loc":{"start":{"line":13,"column":11378},"end":{"line":13,"column":11510}},"type":"if","locations":[{"start":{"line":13,"column":11378},"end":{"line":13,"column":11510}},{"start":{"line":13,"column":11378},"end":{"line":13,"column":11510}}],"line":13},"82":{"loc":{"start":{"line":13,"column":11639},"end":{"line":13,"column":11797}},"type":"if","locations":[{"start":{"line":13,"column":11639},"end":{"line":13,"column":11797}},{"start":{"line":13,"column":11639},"end":{"line":13,"column":11797}}],"line":13},"83":{"loc":{"start":{"line":13,"column":11701},"end":{"line":13,"column":11780}},"type":"if","locations":[{"start":{"line":13,"column":11701},"end":{"line":13,"column":11780}},{"start":{"line":13,"column":11701},"end":{"line":13,"column":11780}}],"line":13},"84":{"loc":{"start":{"line":13,"column":12013},"end":{"line":13,"column":12061}},"type":"binary-expr","locations":[{"start":{"line":13,"column":12013},"end":{"line":13,"column":12035}},{"start":{"line":13,"column":12040},"end":{"line":13,"column":12060}}],"line":13},"85":{"loc":{"start":{"line":14,"column":176},"end":{"line":14,"column":263}},"type":"if","locations":[{"start":{"line":14,"column":176},"end":{"line":14,"column":263}},{"start":{"line":14,"column":176},"end":{"line":14,"column":263}}],"line":14},"86":{"loc":{"start":{"line":20,"column":16},"end":{"line":67,"column":7}},"type":"switch","locations":[{"start":{"line":21,"column":8},"end":{"line":29,"column":136}},{"start":{"line":30,"column":8},"end":{"line":37,"column":151}},{"start":{"line":38,"column":8},"end":{"line":43,"column":185}},{"start":{"line":44,"column":8},"end":{"line":46,"column":61}},{"start":{"line":47,"column":8},"end":{"line":53,"column":147}},{"start":{"line":54,"column":8},"end":{"line":59,"column":16}},{"start":{"line":60,"column":8},"end":{"line":63,"column":182}},{"start":{"line":64,"column":8},"end":{"line":64,"column":16}},{"start":{"line":65,"column":8},"end":{"line":66,"column":33}}],"line":20},"87":{"loc":{"start":{"line":25,"column":10},"end":{"line":28,"column":11}},"type":"if","locations":[{"start":{"line":25,"column":10},"end":{"line":28,"column":11}},{"start":{"line":25,"column":10},"end":{"line":28,"column":11}}],"line":25},"88":{"loc":{"start":{"line":33,"column":10},"end":{"line":36,"column":11}},"type":"if","locations":[{"start":{"line":33,"column":10},"end":{"line":36,"column":11}},{"start":{"line":33,"column":10},"end":{"line":36,"column":11}}],"line":33},"89":{"loc":{"start":{"line":39,"column":10},"end":{"line":42,"column":11}},"type":"if","locations":[{"start":{"line":39,"column":10},"end":{"line":42,"column":11}},{"start":{"line":39,"column":10},"end":{"line":42,"column":11}}],"line":39},"90":{"loc":{"start":{"line":49,"column":10},"end":{"line":52,"column":11}},"type":"if","locations":[{"start":{"line":49,"column":10},"end":{"line":52,"column":11}},{"start":{"line":49,"column":10},"end":{"line":52,"column":11}}],"line":49}},"s":{"0":0,"1":0,"2":0,"3":1,"4":1,"5":1,"6":1,"7":1,"8":1,"9":4,"10":1,"11":0,"12":1,"13":1,"14":1,"15":1,"16":0,"17":1,"18":1,"19":1,"20":1,"21":13,"22":1,"23":1,"24":0,"25":0,"26":0,"27":0,"28":0,"29":0,"30":0,"31":0,"32":0,"33":1,"34":1,"35":1,"36":1,"37":0,"38":1,"39":1,"40":1,"41":1,"42":2,"43":6,"44":0,"45":0,"46":0,"47":0,"48":0,"49":0,"50":0,"51":0,"52":0,"53":0,"54":0,"55":0,"56":0,"57":0,"58":0,"59":0,"60":0,"61":0,"62":0,"63":0,"64":0,"65":0,"66":0,"67":0,"68":0,"69":0,"70":0,"71":0,"72":0,"73":0,"74":0,"75":0,"76":0,"77":0,"78":0,"79":0,"80":0,"81":0,"82":0,"83":0,"84":0,"85":0,"86":0,"87":0,"88":0,"89":0,"90":0,"91":0,"92":0,"93":0,"94":0,"95":0,"96":0,"97":0,"98":0,"99":0,"100":0,"101":0,"102":0,"103":1,"104":1,"105":1,"106":1,"107":0,"108":0,"109":0,"110":0,"111":0,"112":0,"113":0,"114":0,"115":0,"116":0,"117":0,"118":0,"119":1,"120":0,"121":0,"122":1,"123":0,"124":0,"125":0,"126":0,"127":0,"128":0,"129":0,"130":0,"131":0,"132":0,"133":0,"134":0,"135":0,"136":0,"137":0,"138":0,"139":0,"140":0,"141":0,"142":0,"143":0,"144":0,"145":0,"146":0,"147":0,"148":0,"149":0,"150":0,"151":0,"152":0,"153":0,"154":0,"155":0,"156":0,"157":0,"158":0,"159":0,"160":0,"161":0,"162":0,"163":0,"164":0,"165":0,"166":0,"167":0,"168":0,"169":0,"170":0,"171":0,"172":0,"173":0,"174":0,"175":0,"176":0,"177":0,"178":0,"179":0,"180":0,"181":0,"182":0,"183":0,"184":0,"185":0,"186":0,"187":0,"188":0,"189":0,"190":0,"191":0,"192":0,"193":0,"194":0,"195":0,"196":0,"197":0,"198":0,"199":0,"200":0,"201":0,"202":0,"203":0,"204":0,"205":0,"206":0,"207":0,"208":0,"209":0,"210":1,"211":0,"212":0,"213":0,"214":0,"215":0,"216":0,"217":0,"218":1,"219":1,"220":0,"221":0,"222":0,"223":0,"224":0,"225":0,"226":0,"227":0,"228":0,"229":0,"230":0,"231":0,"232":0,"233":0,"234":0,"235":0,"236":0,"237":0,"238":0,"239":0,"240":0,"241":0,"242":0,"243":0,"244":0,"245":0,"246":0,"247":0,"248":0,"249":0,"250":0,"251":0,"252":0,"253":0,"254":0,"255":0,"256":1,"257":0,"258":1,"259":1},"f":{"0":0,"1":0,"2":0,"3":4,"4":1,"5":0,"6":0,"7":13,"8":0,"9":0,"10":0,"11":0,"12":0,"13":0,"14":0,"15":2,"16":6,"17":0,"18":0,"19":0,"20":0,"21":0,"22":0,"23":0,"24":0,"25":0,"26":0,"27":0,"28":0,"29":0,"30":0,"31":0,"32":0,"33":1,"34":0,"35":0,"36":0,"37":1,"38":0,"39":0,"40":0,"41":0,"42":0,"43":0,"44":0,"45":0,"46":0,"47":0,"48":0,"49":0,"50":0,"51":0,"52":0,"53":0,"54":0,"55":0,"56":1,"57":0,"58":0,"59":0,"60":0,"61":1,"62":0,"63":0,"64":0},"b":{"0":[0,0],"1":[0,0],"2":[0,0],"3":[0,0,0,0],"4":[3,1],"5":[4,4],"6":[1,0],"7":[1,0],"8":[1,0],"9":[1,0],"10":[1,0],"11":[0,0],"12":[0,0],"13":[0,0],"14":[1,1],"15":[1,1,1,1],"16":[0,0],"17":[0,0],"18":[0,0,0],"19":[0,0],"20":[0,0],"21":[0,0],"22":[0,0],"23":[0,0],"24":[0,0],"25":[0,0],"26":[0,0],"27":[0,0],"28":[0,0],"29":[0,0],"30":[0,0],"31":[0,0],"32":[0,0],"33":[0,0],"34":[0,0],"35":[0,0,0,0,0],"36":[0,0],"37":[0,0],"38":[0,0],"39":[0,0],"40":[0,0],"41":[0,0],"42":[0,0],"43":[1,0],"44":[1,0],"45":[0,0],"46":[0,0],"47":[0,0],"48":[0,0],"49":[0,0,0],"50":[0,0],"51":[1,0],"52":[0,0],"53":[0,0],"54":[0,0],"55":[0,0],"56":[0,0],"57":[0,0,0,0],"58":[0,0],"59":[0,0],"60":[0,0],"61":[0,0],"62":[0,0],"63":[0,0],"64":[0,0],"65":[0,0],"66":[0,0],"67":[0,0],"68":[0,0],"69":[0,0],"70":[0,0],"71":[0,0],"72":[0,0,0],"73":[0,0,0,0,0,0],"74":[0,0],"75":[0,0],"76":[0,0],"77":[0,0],"78":[0,0],"79":[0,0],"80":[0,0,0],"81":[0,0],"82":[0,0],"83":[0,0],"84":[0,0],"85":[0,0],"86":[0,0,0,0,0,0,0,0,0],"87":[0,0],"88":[0,0],"89":[0,0],"90":[0,0]},"inputSourceMap":{"version":3,"names":["protectedRoute","req","res","next","bearerToken","headers","authorization","token","split","Response","errorMessage","HttpStatus","NOT_FOUND","payload","TokenAuthenticator","decodeToken","name","UNAUTHORIZED","User","findById","_id","validUser","user","INTERNAL_SERVER_ERROR"],"sourceRoot":"D:\\SEF\\NestEstate\\NestEstate_backend\\src\\middlewares\\","sources":["verifyUser.js"],"sourcesContent":["import HttpStatus from \"http-status\";\r\nimport User from \"../models/UserModel\";\r\nimport TokenAuthenticator from \"../utils/TokenAuthenticator\";\r\nimport Response from \"../utils/Response\";\r\n\r\nconst protectedRoute = async (req, res, next) => {\r\n  try {\r\n    const bearerToken = req.headers.authorization;\r\n    const token = bearerToken.split(\" \")[1];\r\n\r\n    if (!token) {\r\n      return Response.errorMessage(\r\n        res,\r\n        \"No token found!\",\r\n        HttpStatus.NOT_FOUND\r\n      );\r\n    }\r\n\r\n    const payload = TokenAuthenticator.decodeToken(token);\r\n    const { name } = payload;\r\n    if (name === \"JsonWebTokenError\") {\r\n      return Response.errorMessage(\r\n        res,\r\n        \"Unauthorized, invalid token\",\r\n        HttpStatus.UNAUTHORIZED\r\n      );\r\n    }\r\n\r\n    if (name === \"TokenExpiredError\") {\r\n      return Response.errorMessage(\r\n        res,\r\n        \"Unauthorized, Token has expired signin again to get new token\",\r\n        HttpStatus.UNAUTHORIZED\r\n      );\r\n    }\r\n    const validUser = await User.findById(payload._id);\r\n    if (!validUser) {\r\n      return Response.errorMessage(\r\n        res,\r\n        \"You' re not authorized!\",\r\n        HttpStatus.UNAUTHORIZED\r\n      );\r\n    }\r\n    req.user = payload;\r\n\r\n    req.token = token;\r\n    next();\r\n  } catch (error) {\r\n    return Response.errorMessage(\r\n      res,\r\n      \"You can not proceed without setting a valid token\",\r\n      HttpStatus.INTERNAL_SERVER_ERROR\r\n    );\r\n  }\r\n};\r\nexport default protectedRoute;\r\n"],"mappings":";;;;;;;AAAA;AACA;AACA;AACA;AAAyC;AAAA,+CAFzC;AAAA;AAAA;AAIA,IAAMA,cAAc;EAAA,sEAAG,iBAAOC,GAAG,EAAEC,GAAG,EAAEC,IAAI;IAAA;IAAA;MAAA;QAAA;UAAA;UAElCC,WAAW,GAAGH,GAAG,CAACI,OAAO,CAACC,aAAa;UACvCC,KAAK,GAAGH,WAAW,CAACI,KAAK,CAAC,GAAG,CAAC,CAAC,CAAC,CAAC;UAAA,IAElCD,KAAK;YAAA;YAAA;UAAA;UAAA,iCACDE,oBAAQ,CAACC,YAAY,CAC1BR,GAAG,EACH,iBAAiB,EACjBS,sBAAU,CAACC,SAAS,CACrB;QAAA;UAGGC,OAAO,GAAGC,8BAAkB,CAACC,WAAW,CAACR,KAAK,CAAC;UAC7CS,IAAI,GAAKH,OAAO,CAAhBG,IAAI;UAAA,MACRA,IAAI,KAAK,mBAAmB;YAAA;YAAA;UAAA;UAAA,iCACvBP,oBAAQ,CAACC,YAAY,CAC1BR,GAAG,EACH,6BAA6B,EAC7BS,sBAAU,CAACM,YAAY,CACxB;QAAA;UAAA,MAGCD,IAAI,KAAK,mBAAmB;YAAA;YAAA;UAAA;UAAA,iCACvBP,oBAAQ,CAACC,YAAY,CAC1BR,GAAG,EACH,+DAA+D,EAC/DS,sBAAU,CAACM,YAAY,CACxB;QAAA;UAAA;UAAA,OAEqBC,qBAAI,CAACC,QAAQ,CAACN,OAAO,CAACO,GAAG,CAAC;QAAA;UAA5CC,SAAS;UAAA,IACVA,SAAS;YAAA;YAAA;UAAA;UAAA,iCACLZ,oBAAQ,CAACC,YAAY,CAC1BR,GAAG,EACH,yBAAyB,EACzBS,sBAAU,CAACM,YAAY,CACxB;QAAA;UAEHhB,GAAG,CAACqB,IAAI,GAAGT,OAAO;UAElBZ,GAAG,CAACM,KAAK,GAAGA,KAAK;UACjBJ,IAAI,EAAE;UAAC;UAAA;QAAA;UAAA;UAAA;UAAA,iCAEAM,oBAAQ,CAACC,YAAY,CAC1BR,GAAG,EACH,mDAAmD,EACnDS,sBAAU,CAACY,qBAAqB,CACjC;QAAA;QAAA;UAAA;MAAA;IAAA;EAAA,CAEJ;EAAA,gBAjDKvB,cAAc;IAAA;EAAA;AAAA,GAiDnB;AAAC,eACaA,cAAc;AAAA"},"_coverageSchema":"1a1c01bbd47fc00a2c39e90264f33305004495a9","hash":"bd694051d4eb99d2a67f8e43e10b8231fa632c45","contentHash":"72655e9230125483dc0d46e917a405ea375df906ad501625e26dbade9416908c"}}